02/26/2019 (14:22:56) : Entering RegisterAppWithAUM() with msiHandle 26e
02/26/2019 (14:22:56) : Entering InstallerQIsReader()
02/26/2019 (14:22:56) :     the product code provided by the installer is {AC76BA86-7AD7-1033-7B44-A80000000002}
02/26/2019 (14:22:56) :     this corresponds to appID reader8rdr-en_US
02/26/2019 (14:22:56) : Leaving InstallerQIsReader()
02/26/2019 (14:22:56) : Loading AUM Integration library at path C:\Program Files (x86)\Adobe\Reader 8.0\Reader\AdobeUpdater.dll.
02/26/2019 (14:22:56) : Successfully loaded AUM integration library
02/26/2019 (14:22:56) : Successfully found all library entry points.  Library is valid.
02/26/2019 (14:22:56) : Entering GetAppID()
02/26/2019 (14:22:56) :     from within an installer context
02/26/2019 (14:22:56) : Entering InstallerQIsReader()
02/26/2019 (14:22:56) :     the product code provided by the installer is {AC76BA86-7AD7-1033-7B44-A80000000002}
02/26/2019 (14:22:56) :     this corresponds to appID reader8rdr-en_US
02/26/2019 (14:22:56) : Leaving InstallerQIsReader()
02/26/2019 (14:22:56) :     appID is reader8rdr-en_US
02/26/2019 (14:22:56) : Leaving GetAppID()
02/26/2019 (14:22:56) : Entering InstallerQIsReader()
02/26/2019 (14:22:56) :     the product code provided by the installer is {AC76BA86-7AD7-1033-7B44-A80000000002}
02/26/2019 (14:22:56) :     this corresponds to appID reader8rdr-en_US
02/26/2019 (14:22:56) : Leaving InstallerQIsReader()
02/26/2019 (14:22:56) : GetAppDispName() - appDispName is Adobe Reader 8
02/26/2019 (14:22:56) : Calling AUMRegisterApplication with appID reader8rdr-en_US with appDispName Adobe Reader 8 and with appPath C:\Program Files (x86)\Adobe\Reader 8.0\Reader
02/26/2019 (14:22:56) : AUMRegisterApplication returns => 0
02/26/2019 (14:24:15) : Loading AUM Integration library at path C:\Program Files (x86)\Adobe\Reader 8.0\Reader\AdobeUpdater.dll.
02/26/2019 (14:24:15) : Successfully loaded AUM integration library
02/26/2019 (14:24:15) : Successfully found all library entry points.  Library is valid.
02/26/2019 (14:24:15) : Entering GetAppID()
02/26/2019 (14:24:15) :     appID is reader8rdr-en_US
02/26/2019 (14:24:15) : Leaving GetAppID()
02/26/2019 (14:24:15) : AUMDoPluginAction returns => 0
02/26/2019 (14:38:46) : Loading AUM Integration library at path C:\Program Files (x86)\Adobe\Reader 8.0\Reader\AdobeUpdater.dll.
02/26/2019 (14:38:46) : Successfully loaded AUM integration library
02/26/2019 (14:38:46) : Successfully found all library entry points.  Library is valid.
02/26/2019 (14:38:46) : Entering GetAppID()
02/26/2019 (14:38:46) :     appID is reader8rdr-en_US
02/26/2019 (14:38:46) : Leaving GetAppID()
02/26/2019 (14:38:46) : AUMDoPluginAction returns => 0
02/26/2019 (14:39:53) : Entering GetAppID()
02/26/2019 (14:39:53) :     appID is reader8rdr-en_US
02/26/2019 (14:39:53) : Leaving GetAppID()
02/26/2019 (14:39:53) : GetAppDispName() - appDispName is Adobe Reader 8
02/26/2019 (14:39:53) : AUMTriggerUpdateCheck returns => 0
02/26/2019 (17:17:22) : Loading AUM Integration library at path C:\Program Files (x86)\Adobe\Reader 8.0\Reader\AdobeUpdater.dll.
02/26/2019 (17:17:22) : Successfully loaded AUM integration library
02/26/2019 (17:17:22) : Successfully found all library entry points.  Library is valid.
02/26/2019 (17:17:22) : Entering GetAppID()
02/26/2019 (17:17:22) :     appID is reader8rdr-en_US
02/26/2019 (17:17:22) : Leaving GetAppID()
02/26/2019 (17:17:22) : AUMDoPluginAction returns => 0
02/27/2019 (20:17:24) : Loading AUM Integration library at path C:\Program Files (x86)\Adobe\Reader 8.0\Reader\AdobeUpdater.dll.
02/27/2019 (20:17:24) : Successfully loaded AUM integration library
02/27/2019 (20:17:24) : Successfully found all library entry points.  Library is valid.
02/27/2019 (20:17:24) : Entering GetAppID()
02/27/2019 (20:17:24) :     appID is reader8rdr-en_US
02/27/2019 (20:17:24) : Leaving GetAppID()
02/27/2019 (20:17:24) : AUMDoPluginAction returns => 0
02/27/2019 (20:20:44) : Loading AUM Integration library at path C:\Program Files (x86)\Adobe\Reader 8.0\Reader\AdobeUpdater.dll.
02/27/2019 (20:20:44) : Successfully loaded AUM integration library
02/27/2019 (20:20:44) : Successfully found all library entry points.  Library is valid.
02/27/2019 (20:20:44) : Entering GetAppID()
02/27/2019 (20:20:44) :     appID is reader8rdr-en_US
02/27/2019 (20:20:44) : Leaving GetAppID()
02/27/2019 (20:20:44) : AUMDoPluginAction returns => 0
02/27/2019 (20:21:51) : Entering GetAppID()
02/27/2019 (20:21:51) :     appID is reader8rdr-en_US
02/27/2019 (20:21:51) : Leaving GetAppID()
02/27/2019 (20:21:51) : GetAppDispName() - appDispName is Adobe Reader 8
02/27/2019 (20:21:51) : AUMTriggerUpdateCheck returns => 0
02/27/2019 (20:24:04) : Loading AUM Integration library at path C:\Program Files (x86)\Adobe\Reader 8.0\Reader\AdobeUpdater.dll.
02/27/2019 (20:24:04) : Successfully loaded AUM integration library
02/27/2019 (20:24:04) : Successfully found all library entry points.  Library is valid.
02/27/2019 (20:24:04) : Entering GetAppID()
02/27/2019 (20:24:04) :     appID is reader8rdr-en_US
02/27/2019 (20:24:04) : Leaving GetAppID()
02/27/2019 (20:24:04) : AUMDoPluginAction returns => 0
02/27/2019 (20:25:12) : Entering GetAppID()
02/27/2019 (20:25:12) :     appID is reader8rdr-en_US
02/27/2019 (20:25:12) : Leaving GetAppID()
02/27/2019 (20:25:12) : GetAppDispName() - appDispName is Adobe Reader 8
02/27/2019 (20:25:12) : AUMTriggerUpdateCheck returns => 0
02/27/2019 (20:43:56) : Loading AUM Integration library at path C:\Program Files (x86)\Adobe\Reader 8.0\Reader\AdobeUpdater.dll.
02/27/2019 (20:43:56) : Successfully loaded AUM integration library
02/27/2019 (20:43:56) : Successfully found all library entry points.  Library is valid.
02/27/2019 (20:43:56) : Entering GetAppID()
02/27/2019 (20:43:56) :     appID is reader8rdr-en_US
02/27/2019 (20:43:56) : Leaving GetAppID()
02/27/2019 (20:43:56) : AUMDoPluginAction returns => 0
02/27/2019 (20:45:03) : Entering GetAppID()
02/27/2019 (20:45:03) :     appID is reader8rdr-en_US
02/27/2019 (20:45:03) : Leaving GetAppID()
02/27/2019 (20:45:03) : GetAppDispName() - appDispName is Adobe Reader 8
02/27/2019 (20:45:04) : AUMTriggerUpdateCheck returns => 0
02/27/2019 (20:45:58) : Loading AUM Integration library at path C:\Program Files (x86)\Adobe\Reader 8.0\Reader\AdobeUpdater.dll.
02/27/2019 (20:45:58) : Successfully loaded AUM integration library
02/27/2019 (20:45:58) : Successfully found all library entry points.  Library is valid.
02/27/2019 (20:45:58) : Entering GetAppID()
02/27/2019 (20:45:58) :     appID is reader8rdr-en_US
02/27/2019 (20:45:58) : Leaving GetAppID()
02/27/2019 (20:45:58) : AUMDoPluginAction returns => 0
02/27/2019 (20:47:06) : Entering GetAppID()
02/27/2019 (20:47:06) :     appID is reader8rdr-en_US
02/27/2019 (20:47:06) : Leaving GetAppID()
02/27/2019 (20:47:06) : GetAppDispName() - appDispName is Adobe Reader 8
02/27/2019 (20:47:06) : AUMTriggerUpdateCheck returns => 0
02/27/2019 (21:20:02) : Loading AUM Integration library at path C:\Program Files (x86)\Adobe\Reader 8.0\Reader\AdobeUpdater.dll.
02/27/2019 (21:20:02) : Successfully loaded AUM integration library
02/27/2019 (21:20:02) : Successfully found all library entry points.  Library is valid.
02/27/2019 (21:20:02) : Entering GetAppID()
02/27/2019 (21:20:02) :     appID is reader8rdr-en_US
02/27/2019 (21:20:02) : Leaving GetAppID()
02/27/2019 (21:20:02) : AUMDoPluginAction returns => 0
02/27/2019 (21:48:38) : Loading AUM Integration library at path C:\Program Files (x86)\Adobe\Reader 8.0\Reader\AdobeUpdater.dll.
02/27/2019 (21:48:38) : Successfully loaded AUM integration library
02/27/2019 (21:48:38) : Successfully found all library entry points.  Library is valid.
02/27/2019 (21:48:38) : Entering GetAppID()
02/27/2019 (21:48:38) :     appID is reader8rdr-en_US
02/27/2019 (21:48:38) : Leaving GetAppID()
02/27/2019 (21:48:38) : AUMDoPluginAction returns => 0
02/27/2019 (21:49:46) : Entering GetAppID()
02/27/2019 (21:49:46) :     appID is reader8rdr-en_US
02/27/2019 (21:49:46) : Leaving GetAppID()
02/27/2019 (21:49:46) : GetAppDispName() - appDispName is Adobe Reader 8
02/27/2019 (21:49:46) : AUMTriggerUpdateCheck returns => 0
02/27/2019 (22:37:28) : Loading AUM Integration library at path C:\Program Files (x86)\Adobe\Reader 8.0\Reader\AdobeUpdater.dll.
02/27/2019 (22:37:28) : Successfully loaded AUM integration library
02/27/2019 (22:37:28) : Successfully found all library entry points.  Library is valid.
02/27/2019 (22:37:28) : Entering GetAppID()
02/27/2019 (22:37:28) :     appID is reader8rdr-en_US
02/27/2019 (22:37:28) : Leaving GetAppID()
02/27/2019 (22:37:28) : AUMDoPluginAction returns => 0
02/27/2019 (22:38:36) : Entering GetAppID()
02/27/2019 (22:38:36) :     appID is reader8rdr-en_US
02/27/2019 (22:38:36) : Leaving GetAppID()
02/27/2019 (22:38:36) : GetAppDispName() - appDispName is Adobe Reader 8
02/27/2019 (22:38:36) : AUMTriggerUpdateCheck returns => 0
02/28/2019 (14:29:57) : Loading AUM Integration library at path C:\Program Files (x86)\Adobe\Reader 8.0\Reader\AdobeUpdater.dll.
02/28/2019 (14:29:57) : Successfully loaded AUM integration library
02/28/2019 (14:29:57) : Successfully found all library entry points.  Library is valid.
02/28/2019 (14:29:57) : Entering GetAppID()
02/28/2019 (14:29:57) :     appID is reader8rdr-en_US
02/28/2019 (14:29:57) : Leaving GetAppID()
02/28/2019 (14:29:57) : AUMDoPluginAction returns => 0
02/28/2019 (14:31:16) : Loading AUM Integration library at path C:\Program Files (x86)\Adobe\Reader 8.0\Reader\AdobeUpdater.dll.
02/28/2019 (14:31:16) : Successfully loaded AUM integration library
02/28/2019 (14:31:16) : Successfully found all library entry points.  Library is valid.
02/28/2019 (14:31:16) : Entering GetAppID()
02/28/2019 (14:31:16) :     appID is reader8rdr-en_US
02/28/2019 (14:31:16) : Leaving GetAppID()
02/28/2019 (14:31:16) : AUMDoPluginAction returns => 0
02/28/2019 (14:32:53) : Entering GetAppID()
02/28/2019 (14:32:53) :     appID is reader8rdr-en_US
02/28/2019 (14:32:53) : Leaving GetAppID()
02/28/2019 (14:32:53) : GetAppDispName() - appDispName is Adobe Reader 8
02/28/2019 (14:32:53) : AUMTriggerUpdateCheck returns => 0
03/01/2019 (10:16:16) : Loading AUM Integration library at path C:\Program Files (x86)\Adobe\Reader 8.0\Reader\AdobeUpdater.dll.
03/01/2019 (10:16:16) : Successfully loaded AUM integration library
03/01/2019 (10:16:16) : Successfully found all library entry points.  Library is valid.
03/01/2019 (10:16:16) : Entering GetAppID()
03/01/2019 (10:16:16) :     appID is reader8rdr-en_US
03/01/2019 (10:16:16) : Leaving GetAppID()
03/01/2019 (10:16:16) : AUMDoPluginAction returns => 0
03/01/2019 (10:17:23) : Entering GetAppID()
03/01/2019 (10:17:23) :     appID is reader8rdr-en_US
03/01/2019 (10:17:23) : Leaving GetAppID()
03/01/2019 (10:17:23) : GetAppDispName() - appDispName is Adobe Reader 8
03/01/2019 (10:17:23) : AUMTriggerUpdateCheck returns => 0
03/01/2019 (10:53:06) : Loading AUM Integration library at path C:\Program Files (x86)\Adobe\Reader 8.0\Reader\AdobeUpdater.dll.
03/01/2019 (10:53:06) : Successfully loaded AUM integration library
03/01/2019 (10:53:06) : Successfully found all library entry points.  Library is valid.
03/01/2019 (10:53:06) : Entering GetAppID()
03/01/2019 (10:53:06) :     appID is reader8rdr-en_US
03/01/2019 (10:53:06) : Leaving GetAppID()
03/01/2019 (10:53:06) : AUMDoPluginAction returns => 0
03/01/2019 (10:54:13) : Entering GetAppID()
03/01/2019 (10:54:13) :     appID is reader8rdr-en_US
03/01/2019 (10:54:13) : Leaving GetAppID()
03/01/2019 (10:54:13) : GetAppDispName() - appDispName is Adobe Reader 8
03/01/2019 (10:54:13) : AUMTriggerUpdateCheck returns => 0
03/01/2019 (15:52:59) : Loading AUM Integration library at path C:\Program Files (x86)\Adobe\Reader 8.0\Reader\AdobeUpdater.dll.
03/01/2019 (15:52:59) : Successfully loaded AUM integration library
03/01/2019 (15:52:59) : Successfully found all library entry points.  Library is valid.
03/01/2019 (15:52:59) : Entering GetAppID()
03/01/2019 (15:52:59) :     appID is reader8rdr-en_US
03/01/2019 (15:52:59) : Leaving GetAppID()
03/01/2019 (15:52:59) : AUMDoPluginAction returns => 0
03/01/2019 (15:54:07) : Entering GetAppID()
03/01/2019 (15:54:07) :     appID is reader8rdr-en_US
03/01/2019 (15:54:07) : Leaving GetAppID()
03/01/2019 (15:54:07) : GetAppDispName() - appDispName is Adobe Reader 8
03/01/2019 (15:54:07) : AUMTriggerUpdateCheck returns => 0
03/01/2019 (17:08:49) : Loading AUM Integration library at path C:\Program Files (x86)\Adobe\Reader 8.0\Reader\AdobeUpdater.dll.
03/01/2019 (17:08:49) : Successfully loaded AUM integration library
03/01/2019 (17:08:49) : Successfully found all library entry points.  Library is valid.
03/01/2019 (17:08:49) : Entering GetAppID()
03/01/2019 (17:08:49) :     appID is reader8rdr-en_US
03/01/2019 (17:08:49) : Leaving GetAppID()
03/01/2019 (17:08:49) : AUMDoPluginAction returns => 0
03/01/2019 (17:10:16) : Loading AUM Integration library at path C:\Program Files (x86)\Adobe\Reader 8.0\Reader\AdobeUpdater.dll.
03/01/2019 (17:10:16) : Successfully loaded AUM integration library
03/01/2019 (17:10:16) : Successfully found all library entry points.  Library is valid.
03/01/2019 (17:10:16) : Entering GetAppID()
03/01/2019 (17:10:16) :     appID is reader8rdr-en_US
03/01/2019 (17:10:16) : Leaving GetAppID()
03/01/2019 (17:10:16) : AUMDoPluginAction returns => 0
03/01/2019 (17:11:17) : Loading AUM Integration library at path C:\Program Files (x86)\Adobe\Reader 8.0\Reader\AdobeUpdater.dll.
03/01/2019 (17:11:17) : Successfully loaded AUM integration library
03/01/2019 (17:11:17) : Successfully found all library entry points.  Library is valid.
03/01/2019 (17:11:17) : Entering GetAppID()
03/01/2019 (17:11:17) :     appID is reader8rdr-en_US
03/01/2019 (17:11:17) : Leaving GetAppID()
03/01/2019 (17:11:17) : AUMDoPluginAction returns => 0
03/01/2019 (22:24:50) : Loading AUM Integration library at path C:\Program Files (x86)\Adobe\Reader 8.0\Reader\AdobeUpdater.dll.
03/01/2019 (22:24:50) : Successfully loaded AUM integration library
03/01/2019 (22:24:50) : Successfully found all library entry points.  Library is valid.
03/01/2019 (22:24:50) : Entering GetAppID()
03/01/2019 (22:24:50) :     appID is reader8rdr-en_US
03/01/2019 (22:24:50) : Leaving GetAppID()
03/01/2019 (22:24:50) : AUMDoPluginAction returns => 0
03/01/2019 (22:25:58) : Entering GetAppID()
03/01/2019 (22:25:58) :     appID is reader8rdr-en_US
03/01/2019 (22:25:58) : Leaving GetAppID()
03/01/2019 (22:25:58) : GetAppDispName() - appDispName is Adobe Reader 8
03/01/2019 (22:25:58) : AUMTriggerUpdateCheck returns => 0
03/01/2019 (22:28:42) : Loading AUM Integration library at path C:\Program Files (x86)\Adobe\Reader 8.0\Reader\AdobeUpdater.dll.
03/01/2019 (22:28:42) : Successfully loaded AUM integration library
03/01/2019 (22:28:42) : Successfully found all library entry points.  Library is valid.
03/01/2019 (22:28:42) : Entering GetAppID()
03/01/2019 (22:28:42) :     appID is reader8rdr-en_US
03/01/2019 (22:28:42) : Leaving GetAppID()
03/01/2019 (22:28:42) : AUMDoPluginAction returns => 0
03/01/2019 (22:29:49) : Entering GetAppID()
03/01/2019 (22:29:49) :     appID is reader8rdr-en_US
03/01/2019 (22:29:49) : Leaving GetAppID()
03/01/2019 (22:29:49) : GetAppDispName() - appDispName is Adobe Reader 8
03/01/2019 (22:29:49) : AUMTriggerUpdateCheck returns => 0
03/02/2019 (21:07:38) : Loading AUM Integration library at path C:\Program Files (x86)\Adobe\Reader 8.0\Reader\AdobeUpdater.dll.
03/02/2019 (21:07:38) : Successfully loaded AUM integration library
03/02/2019 (21:07:38) : Successfully found all library entry points.  Library is valid.
03/02/2019 (21:07:38) : Entering GetAppID()
03/02/2019 (21:07:38) :     appID is reader8rdr-en_US
03/02/2019 (21:07:38) : Leaving GetAppID()
03/02/2019 (21:07:38) : AUMDoPluginAction returns => 0
03/02/2019 (21:08:45) : Entering GetAppID()
03/02/2019 (21:08:45) :     appID is reader8rdr-en_US
03/02/2019 (21:08:45) : Leaving GetAppID()
03/02/2019 (21:08:45) : GetAppDispName() - appDispName is Adobe Reader 8
03/02/2019 (21:08:45) : AUMTriggerUpdateCheck returns => 0
03/02/2019 (21:15:15) : Loading AUM Integration library at path C:\Program Files (x86)\Adobe\Reader 8.0\Reader\AdobeUpdater.dll.
03/02/2019 (21:15:15) : Successfully loaded AUM integration library
03/02/2019 (21:15:15) : Successfully found all library entry points.  Library is valid.
03/02/2019 (21:15:15) : Entering GetAppID()
03/02/2019 (21:15:15) :     appID is reader8rdr-en_US
03/02/2019 (21:15:15) : Leaving GetAppID()
03/02/2019 (21:15:15) : AUMDoPluginAction returns => 0
03/02/2019 (21:16:22) : Entering GetAppID()
03/02/2019 (21:16:22) :     appID is reader8rdr-en_US
03/02/2019 (21:16:22) : Leaving GetAppID()
03/02/2019 (21:16:22) : GetAppDispName() - appDispName is Adobe Reader 8
03/02/2019 (21:16:22) : AUMTriggerUpdateCheck returns => 0
03/05/2019 (14:11:17) : Loading AUM Integration library at path C:\Program Files (x86)\Adobe\Reader 8.0\Reader\AdobeUpdater.dll.
03/05/2019 (14:11:17) : Successfully loaded AUM integration library
03/05/2019 (14:11:17) : Successfully found all library entry points.  Library is valid.
03/05/2019 (14:11:17) : Entering GetAppID()
03/05/2019 (14:11:17) :     appID is reader8rdr-en_US
03/05/2019 (14:11:17) : Leaving GetAppID()
03/05/2019 (14:11:17) : AUMDoPluginAction returns => 0
03/05/2019 (14:12:24) : Entering GetAppID()
03/05/2019 (14:12:24) :     appID is reader8rdr-en_US
03/05/2019 (14:12:24) : Leaving GetAppID()
03/05/2019 (14:12:24) : GetAppDispName() - appDispName is Adobe Reader 8
03/05/2019 (14:12:24) : AUMTriggerUpdateCheck returns => 0
03/06/2019 (19:28:11) : Loading AUM Integration library at path C:\Program Files (x86)\Adobe\Reader 8.0\Reader\AdobeUpdater.dll.
03/06/2019 (19:28:11) : Successfully loaded AUM integration library
03/06/2019 (19:28:11) : Successfully found all library entry points.  Library is valid.
03/06/2019 (19:28:11) : Entering GetAppID()
03/06/2019 (19:28:11) :     appID is reader8rdr-en_US
03/06/2019 (19:28:11) : Leaving GetAppID()
03/06/2019 (19:28:11) : AUMDoPluginAction returns => 0
03/06/2019 (19:30:08) : Loading AUM Integration library at path C:\Program Files (x86)\Adobe\Reader 8.0\Reader\AdobeUpdater.dll.
03/06/2019 (19:30:08) : Successfully loaded AUM integration library
03/06/2019 (19:30:08) : Successfully found all library entry points.  Library is valid.
03/06/2019 (19:30:08) : Entering GetAppID()
03/06/2019 (19:30:08) :     appID is reader8rdr-en_US
03/06/2019 (19:30:08) : Leaving GetAppID()
03/06/2019 (19:30:08) : AUMDoPluginAction returns => 0
03/21/2019 (20:34:08) : Loading AUM Integration library at path C:\Program Files (x86)\Adobe\Reader 8.0\Reader\AdobeUpdater.dll.
03/21/2019 (20:34:08) : Successfully loaded AUM integration library
03/21/2019 (20:34:08) : Successfully found all library entry points.  Library is valid.
03/21/2019 (20:34:08) : Entering GetAppID()
03/21/2019 (20:34:08) :     appID is reader8rdr-en_US
03/21/2019 (20:34:08) : Leaving GetAppID()
03/21/2019 (20:34:08) : AUMDoPluginAction returns => 0
04/01/2019 (10:30:42) : Loading AUM Integration library at path C:\Program Files (x86)\Adobe\Reader 8.0\Reader\AdobeUpdater.dll.
04/01/2019 (10:30:42) : Successfully loaded AUM integration library
04/01/2019 (10:30:42) : Successfully found all library entry points.  Library is valid.
04/01/2019 (10:30:42) : Entering GetAppID()
04/01/2019 (10:30:42) :     appID is reader8rdr-en_US
04/01/2019 (10:30:42) : Leaving GetAppID()
04/01/2019 (10:30:43) : AUMDoPluginAction returns => 0
04/01/2019 (10:31:50) : Entering GetAppID()
04/01/2019 (10:31:50) :     appID is reader8rdr-en_US
04/01/2019 (10:31:50) : Leaving GetAppID()
04/01/2019 (10:31:50) : GetAppDispName() - appDispName is Adobe Reader 8
04/01/2019 (10:31:50) : AUMTriggerUpdateCheck returns => 0
04/01/2019 (10:36:48) : Loading AUM Integration library at path C:\Program Files (x86)\Adobe\Reader 8.0\Reader\AdobeUpdater.dll.
04/01/2019 (10:36:48) : Successfully loaded AUM integration library
04/01/2019 (10:36:48) : Successfully found all library entry points.  Library is valid.
04/01/2019 (10:36:48) : Entering GetAppID()
04/01/2019 (10:36:48) :     appID is reader8rdr-en_US
04/01/2019 (10:36:48) : Leaving GetAppID()
04/01/2019 (10:36:48) : AUMDoPluginAction returns => 0
04/01/2019 (10:37:56) : Entering GetAppID()
04/01/2019 (10:37:56) :     appID is reader8rdr-en_US
04/01/2019 (10:37:56) : Leaving GetAppID()
04/01/2019 (10:37:56) : GetAppDispName() - appDispName is Adobe Reader 8
04/01/2019 (10:37:56) : AUMTriggerUpdateCheck returns => 0
04/02/2019 (08:31:23) : Loading AUM Integration library at path C:\Program Files (x86)\Adobe\Reader 8.0\Reader\AdobeUpdater.dll.
04/02/2019 (08:31:23) : Successfully loaded AUM integration library
04/02/2019 (08:31:23) : Successfully found all library entry points.  Library is valid.
04/02/2019 (08:31:23) : Entering GetAppID()
04/02/2019 (08:31:23) :     appID is reader8rdr-en_US
04/02/2019 (08:31:23) : Leaving GetAppID()
04/02/2019 (08:31:23) : AUMDoPluginAction returns => 0
04/02/2019 (08:32:30) : Entering GetAppID()
04/02/2019 (08:32:30) :     appID is reader8rdr-en_US
04/02/2019 (08:32:30) : Leaving GetAppID()
04/02/2019 (08:32:30) : GetAppDispName() - appDispName is Adobe Reader 8
04/02/2019 (08:32:30) : AUMTriggerUpdateCheck returns => 0
04/02/2019 (13:11:00) : Loading AUM Integration library at path C:\Program Files (x86)\Adobe\Reader 8.0\Reader\AdobeUpdater.dll.
04/02/2019 (13:11:00) : Successfully loaded AUM integration library
04/02/2019 (13:11:00) : Successfully found all library entry points.  Library is valid.
04/02/2019 (13:11:00) : Entering GetAppID()
04/02/2019 (13:11:00) :     appID is reader8rdr-en_US
04/02/2019 (13:11:00) : Leaving GetAppID()
04/02/2019 (13:11:00) : AUMDoPluginAction returns => 0
04/02/2019 (13:11:39) : Loading AUM Integration library at path C:\Program Files (x86)\Adobe\Reader 8.0\Reader\AdobeUpdater.dll.
04/02/2019 (13:11:39) : Successfully loaded AUM integration library
04/02/2019 (13:11:39) : Successfully found all library entry points.  Library is valid.
04/02/2019 (13:11:39) : Entering GetAppID()
04/02/2019 (13:11:39) :     appID is reader8rdr-en_US
04/02/2019 (13:11:39) : Leaving GetAppID()
04/02/2019 (13:11:39) : AUMDoPluginAction returns => 0
04/02/2019 (13:14:40) : Loading AUM Integration library at path C:\Program Files (x86)\Adobe\Reader 8.0\Reader\AdobeUpdater.dll.
04/02/2019 (13:14:40) : Successfully loaded AUM integration library
04/02/2019 (13:14:40) : Successfully found all library entry points.  Library is valid.
04/02/2019 (13:14:40) : Entering GetAppID()
04/02/2019 (13:14:40) :     appID is reader8rdr-en_US
04/02/2019 (13:14:40) : Leaving GetAppID()
04/02/2019 (13:14:40) : AUMDoPluginAction returns => 0
04/02/2019 (13:16:14) : Entering GetAppID()
04/02/2019 (13:16:14) :     appID is reader8rdr-en_US
04/02/2019 (13:16:14) : Leaving GetAppID()
04/02/2019 (13:16:14) : GetAppDispName() - appDispName is Adobe Reader 8
04/02/2019 (13:16:14) : AUMTriggerUpdateCheck returns => 0
04/03/2019 (08:26:08) : Loading AUM Integration library at path C:\Program Files (x86)\Adobe\Reader 8.0\Reader\AdobeUpdater.dll.
04/03/2019 (08:26:08) : Successfully loaded AUM integration library
04/03/2019 (08:26:08) : Successfully found all library entry points.  Library is valid.
04/03/2019 (08:26:08) : Entering GetAppID()
04/03/2019 (08:26:08) :     appID is reader8rdr-en_US
04/03/2019 (08:26:08) : Leaving GetAppID()
04/03/2019 (08:26:08) : AUMDoPluginAction returns => 0
04/03/2019 (08:27:15) : Entering GetAppID()
04/03/2019 (08:27:15) :     appID is reader8rdr-en_US
04/03/2019 (08:27:15) : Leaving GetAppID()
04/03/2019 (08:27:15) : GetAppDispName() - appDispName is Adobe Reader 8
04/03/2019 (08:27:15) : AUMTriggerUpdateCheck returns => 0
04/04/2019 (11:46:08) : Loading AUM Integration library at path C:\Program Files (x86)\Adobe\Reader 8.0\Reader\AdobeUpdater.dll.
04/04/2019 (11:46:08) : Successfully loaded AUM integration library
04/04/2019 (11:46:08) : Successfully found all library entry points.  Library is valid.
04/04/2019 (11:46:08) : Entering GetAppID()
04/04/2019 (11:46:08) :     appID is reader8rdr-en_US
04/04/2019 (11:46:08) : Leaving GetAppID()
04/04/2019 (11:46:08) : AUMDoPluginAction returns => 0
04/04/2019 (11:47:15) : Entering GetAppID()
04/04/2019 (11:47:15) :     appID is reader8rdr-en_US
04/04/2019 (11:47:15) : Leaving GetAppID()
04/04/2019 (11:47:15) : GetAppDispName() - appDispName is Adobe Reader 8
04/04/2019 (11:47:15) : AUMTriggerUpdateCheck returns => 0
04/04/2019 (12:27:15) : Loading AUM Integration library at path C:\Program Files (x86)\Adobe\Reader 8.0\Reader\AdobeUpdater.dll.
04/04/2019 (12:27:15) : Successfully loaded AUM integration library
04/04/2019 (12:27:15) : Successfully found all library entry points.  Library is valid.
04/04/2019 (12:27:15) : Entering GetAppID()
04/04/2019 (12:27:15) :     appID is reader8rdr-en_US
04/04/2019 (12:27:15) : Leaving GetAppID()
04/04/2019 (12:27:15) : AUMDoPluginAction returns => 0
04/04/2019 (12:28:22) : Entering GetAppID()
04/04/2019 (12:28:22) :     appID is reader8rdr-en_US
04/04/2019 (12:28:22) : Leaving GetAppID()
04/04/2019 (12:28:22) : GetAppDispName() - appDispName is Adobe Reader 8
04/04/2019 (12:28:22) : AUMTriggerUpdateCheck returns => 0
04/05/2019 (09:50:16) : Loading AUM Integration library at path C:\Program Files (x86)\Adobe\Reader 8.0\Reader\AdobeUpdater.dll.
04/05/2019 (09:50:17) : Successfully loaded AUM integration library
04/05/2019 (09:50:17) : Successfully found all library entry points.  Library is valid.
04/05/2019 (09:50:17) : Entering GetAppID()
04/05/2019 (09:50:17) :     appID is reader8rdr-en_US
04/05/2019 (09:50:17) : Leaving GetAppID()
04/05/2019 (09:50:17) : AUMDoPluginAction returns => 0
04/05/2019 (09:51:24) : Entering GetAppID()
04/05/2019 (09:51:24) :     appID is reader8rdr-en_US
04/05/2019 (09:51:24) : Leaving GetAppID()
04/05/2019 (09:51:24) : GetAppDispName() - appDispName is Adobe Reader 8
04/05/2019 (09:51:24) : AUMTriggerUpdateCheck returns => 0
04/08/2019 (08:56:34) : Loading AUM Integration library at path C:\Program Files (x86)\Adobe\Reader 8.0\Reader\AdobeUpdater.dll.
04/08/2019 (08:56:34) : Successfully loaded AUM integration library
04/08/2019 (08:56:34) : Successfully found all library entry points.  Library is valid.
04/08/2019 (08:56:34) : Entering GetAppID()
04/08/2019 (08:56:34) :     appID is reader8rdr-en_US
04/08/2019 (08:56:34) : Leaving GetAppID()
04/08/2019 (08:56:35) : AUMDoPluginAction returns => 0
04/08/2019 (08:57:42) : Entering GetAppID()
04/08/2019 (08:57:42) :     appID is reader8rdr-en_US
04/08/2019 (08:57:42) : Leaving GetAppID()
04/08/2019 (08:57:42) : GetAppDispName() - appDispName is Adobe Reader 8
04/08/2019 (08:57:42) : AUMTriggerUpdateCheck returns => 0
04/08/2019 (09:11:16) : Loading AUM Integration library at path C:\Program Files (x86)\Adobe\Reader 8.0\Reader\AdobeUpdater.dll.
04/08/2019 (09:11:16) : Successfully loaded AUM integration library
04/08/2019 (09:11:16) : Successfully found all library entry points.  Library is valid.
04/08/2019 (09:11:16) : Entering GetAppID()
04/08/2019 (09:11:16) :     appID is reader8rdr-en_US
04/08/2019 (09:11:16) : Leaving GetAppID()
04/08/2019 (09:11:16) : AUMDoPluginAction returns => 0
04/08/2019 (13:43:54) : Loading AUM Integration library at path C:\Program Files (x86)\Adobe\Reader 8.0\Reader\AdobeUpdater.dll.
04/08/2019 (13:43:54) : Successfully loaded AUM integration library
04/08/2019 (13:43:54) : Successfully found all library entry points.  Library is valid.
04/08/2019 (13:43:54) : Entering GetAppID()
04/08/2019 (13:43:54) :     appID is reader8rdr-en_US
04/08/2019 (13:43:54) : Leaving GetAppID()
04/08/2019 (13:43:54) : AUMDoPluginAction returns => 0
04/08/2019 (13:45:02) : Entering GetAppID()
04/08/2019 (13:45:02) :     appID is reader8rdr-en_US
04/08/2019 (13:45:02) : Leaving GetAppID()
04/08/2019 (13:45:02) : GetAppDispName() - appDispName is Adobe Reader 8
04/08/2019 (13:45:02) : AUMTriggerUpdateCheck returns => 0
04/08/2019 (17:38:54) : Loading AUM Integration library at path C:\Program Files (x86)\Adobe\Reader 8.0\Reader\AdobeUpdater.dll.
04/08/2019 (17:38:54) : Successfully loaded AUM integration library
04/08/2019 (17:38:54) : Successfully found all library entry points.  Library is valid.
04/08/2019 (17:38:54) : Entering GetAppID()
04/08/2019 (17:38:54) :     appID is reader8rdr-en_US
04/08/2019 (17:38:54) : Leaving GetAppID()
04/08/2019 (17:38:54) : AUMDoPluginAction returns => 0
04/08/2019 (17:40:02) : Entering GetAppID()
04/08/2019 (17:40:02) :     appID is reader8rdr-en_US
04/08/2019 (17:40:02) : Leaving GetAppID()
04/08/2019 (17:40:02) : GetAppDispName() - appDispName is Adobe Reader 8
04/08/2019 (17:40:02) : AUMTriggerUpdateCheck returns => 0
04/09/2019 (08:44:50) : Loading AUM Integration library at path C:\Program Files (x86)\Adobe\Reader 8.0\Reader\AdobeUpdater.dll.
04/09/2019 (08:44:50) : Successfully loaded AUM integration library
04/09/2019 (08:44:50) : Successfully found all library entry points.  Library is valid.
04/09/2019 (08:44:50) : Entering GetAppID()
04/09/2019 (08:44:50) :     appID is reader8rdr-en_US
04/09/2019 (08:44:50) : Leaving GetAppID()
04/09/2019 (08:44:50) : AUMDoPluginAction returns => 0
04/09/2019 (08:45:58) : Entering GetAppID()
04/09/2019 (08:45:58) :     appID is reader8rdr-en_US
04/09/2019 (08:45:58) : Leaving GetAppID()
04/09/2019 (08:45:58) : GetAppDispName() - appDispName is Adobe Reader 8
04/09/2019 (08:45:58) : AUMTriggerUpdateCheck returns => 0
04/09/2019 (08:49:06) : Loading AUM Integration library at path C:\Program Files (x86)\Adobe\Reader 8.0\Reader\AdobeUpdater.dll.
04/09/2019 (08:49:06) : Successfully loaded AUM integration library
04/09/2019 (08:49:06) : Successfully found all library entry points.  Library is valid.
04/09/2019 (08:49:06) : Entering GetAppID()
04/09/2019 (08:49:06) :     appID is reader8rdr-en_US
04/09/2019 (08:49:06) : Leaving GetAppID()
04/09/2019 (08:49:06) : AUMDoPluginAction returns => 0
04/09/2019 (08:50:13) : Entering GetAppID()
04/09/2019 (08:50:13) :     appID is reader8rdr-en_US
04/09/2019 (08:50:13) : Leaving GetAppID()
04/09/2019 (08:50:13) : GetAppDispName() - appDispName is Adobe Reader 8
04/09/2019 (08:50:13) : AUMTriggerUpdateCheck returns => 0
04/10/2019 (08:42:02) : Loading AUM Integration library at path C:\Program Files (x86)\Adobe\Reader 8.0\Reader\AdobeUpdater.dll.
04/10/2019 (08:42:02) : Successfully loaded AUM integration library
04/10/2019 (08:42:02) : Successfully found all library entry points.  Library is valid.
04/10/2019 (08:42:02) : Entering GetAppID()
04/10/2019 (08:42:02) :     appID is reader8rdr-en_US
04/10/2019 (08:42:02) : Leaving GetAppID()
04/10/2019 (08:42:02) : AUMDoPluginAction returns => 0
04/10/2019 (08:43:09) : Entering GetAppID()
04/10/2019 (08:43:09) :     appID is reader8rdr-en_US
04/10/2019 (08:43:09) : Leaving GetAppID()
04/10/2019 (08:43:09) : GetAppDispName() - appDispName is Adobe Reader 8
04/10/2019 (08:43:10) : AUMTriggerUpdateCheck returns => 0
04/14/2019 (19:57:00) : Loading AUM Integration library at path C:\Program Files (x86)\Adobe\Reader 8.0\Reader\AdobeUpdater.dll.
04/14/2019 (19:57:00) : Successfully loaded AUM integration library
04/14/2019 (19:57:00) : Successfully found all library entry points.  Library is valid.
04/14/2019 (19:57:00) : Entering GetAppID()
04/14/2019 (19:57:00) :     appID is reader8rdr-en_US
04/14/2019 (19:57:00) : Leaving GetAppID()
04/14/2019 (19:57:00) : AUMDoPluginAction returns => 0
04/14/2019 (19:58:07) : Entering GetAppID()
04/14/2019 (19:58:07) :     appID is reader8rdr-en_US
04/14/2019 (19:58:07) : Leaving GetAppID()
04/14/2019 (19:58:07) : GetAppDispName() - appDispName is Adobe Reader 8
04/14/2019 (19:58:07) : AUMTriggerUpdateCheck returns => 0
04/14/2019 (20:09:05) : Loading AUM Integration library at path C:\Program Files (x86)\Adobe\Reader 8.0\Reader\AdobeUpdater.dll.
04/14/2019 (20:09:05) : Successfully loaded AUM integration library
04/14/2019 (20:09:05) : Successfully found all library entry points.  Library is valid.
04/14/2019 (20:09:05) : Entering GetAppID()
04/14/2019 (20:09:05) :     appID is reader8rdr-en_US
04/14/2019 (20:09:05) : Leaving GetAppID()
04/14/2019 (20:09:05) : AUMDoPluginAction returns => 0
04/21/2019 (14:13:56) : Loading AUM Integration library at path C:\Program Files (x86)\Adobe\Reader 8.0\Reader\AdobeUpdater.dll.
04/21/2019 (14:13:56) : Successfully loaded AUM integration library
04/21/2019 (14:13:56) : Successfully found all library entry points.  Library is valid.
04/21/2019 (14:13:56) : Entering GetAppID()
04/21/2019 (14:13:56) :     appID is reader8rdr-en_US
04/21/2019 (14:13:56) : Leaving GetAppID()
04/21/2019 (14:13:57) : AUMDoPluginAction returns => 0
04/21/2019 (14:15:04) : Entering GetAppID()
04/21/2019 (14:15:04) :     appID is reader8rdr-en_US
04/21/2019 (14:15:04) : Leaving GetAppID()
04/21/2019 (14:15:04) : GetAppDispName() - appDispName is Adobe Reader 8
04/21/2019 (14:15:04) : AUMTriggerUpdateCheck returns => 0
04/24/2019 (21:27:06) : Loading AUM Integration library at path C:\Program Files (x86)\Adobe\Reader 8.0\Reader\AdobeUpdater.dll.
04/24/2019 (21:27:06) : Successfully loaded AUM integration library
04/24/2019 (21:27:06) : Successfully found all library entry points.  Library is valid.
04/24/2019 (21:27:06) : Entering GetAppID()
04/24/2019 (21:27:06) :     appID is reader8rdr-en_US
04/24/2019 (21:27:06) : Leaving GetAppID()
04/24/2019 (21:27:07) : AUMDoPluginAction returns => 0
04/26/2019 (10:12:02) : Loading AUM Integration library at path C:\Program Files (x86)\Adobe\Reader 8.0\Reader\AdobeUpdater.dll.
04/26/2019 (10:12:02) : Successfully loaded AUM integration library
04/26/2019 (10:12:02) : Successfully found all library entry points.  Library is valid.
04/26/2019 (10:12:02) : Entering GetAppID()
04/26/2019 (10:12:02) :     appID is reader8rdr-en_US
04/26/2019 (10:12:02) : Leaving GetAppID()
04/26/2019 (10:12:02) : AUMDoPluginAction returns => 0
04/26/2019 (10:13:09) : Entering GetAppID()
04/26/2019 (10:13:09) :     appID is reader8rdr-en_US
04/26/2019 (10:13:09) : Leaving GetAppID()
04/26/2019 (10:13:09) : GetAppDispName() - appDispName is Adobe Reader 8
04/26/2019 (10:13:09) : AUMTriggerUpdateCheck returns => 0
04/26/2019 (14:34:43) : Loading AUM Integration library at path C:\Program Files (x86)\Adobe\Reader 8.0\Reader\AdobeUpdater.dll.
04/26/2019 (14:34:43) : Successfully loaded AUM integration library
04/26/2019 (14:34:43) : Successfully found all library entry points.  Library is valid.
04/26/2019 (14:34:43) : Entering GetAppID()
04/26/2019 (14:34:43) :     appID is reader8rdr-en_US
04/26/2019 (14:34:43) : Leaving GetAppID()
04/26/2019 (14:34:43) : AUMDoPluginAction returns => 0
04/26/2019 (15:02:32) : Loading AUM Integration library at path C:\Program Files (x86)\Adobe\Reader 8.0\Reader\AdobeUpdater.dll.
04/26/2019 (15:02:32) : Successfully loaded AUM integration library
04/26/2019 (15:02:32) : Successfully found all library entry points.  Library is valid.
04/26/2019 (15:02:32) : Entering GetAppID()
04/26/2019 (15:02:32) :     appID is reader8rdr-en_US
04/26/2019 (15:02:32) : Leaving GetAppID()
04/26/2019 (15:02:32) : AUMDoPluginAction returns => 0
04/27/2019 (14:56:33) : Loading AUM Integration library at path C:\Program Files (x86)\Adobe\Reader 8.0\Reader\AdobeUpdater.dll.
04/27/2019 (14:56:33) : Successfully loaded AUM integration library
04/27/2019 (14:56:33) : Successfully found all library entry points.  Library is valid.
04/27/2019 (14:56:33) : Entering GetAppID()
04/27/2019 (14:56:33) :     appID is reader8rdr-en_US
04/27/2019 (14:56:33) : Leaving GetAppID()
04/27/2019 (14:56:33) : AUMDoPluginAction returns => 0
04/28/2019 (18:06:47) : Loading AUM Integration library at path C:\Program Files (x86)\Adobe\Reader 8.0\Reader\AdobeUpdater.dll.
04/28/2019 (18:06:47) : Successfully loaded AUM integration library
04/28/2019 (18:06:47) : Successfully found all library entry points.  Library is valid.
04/28/2019 (18:06:47) : Entering GetAppID()
04/28/2019 (18:06:47) :     appID is reader8rdr-en_US
04/28/2019 (18:06:47) : Leaving GetAppID()
04/28/2019 (18:06:47) : AUMDoPluginAction returns => 0
04/29/2019 (16:36:44) : Loading AUM Integration library at path C:\Program Files (x86)\Adobe\Reader 8.0\Reader\AdobeUpdater.dll.
04/29/2019 (16:36:44) : Successfully loaded AUM integration library
04/29/2019 (16:36:44) : Successfully found all library entry points.  Library is valid.
04/29/2019 (16:36:44) : Entering GetAppID()
04/29/2019 (16:36:44) :     appID is reader8rdr-en_US
04/29/2019 (16:36:44) : Leaving GetAppID()
04/29/2019 (16:36:44) : AUMDoPluginAction returns => 0
04/29/2019 (16:37:51) : Entering GetAppID()
04/29/2019 (16:37:51) :     appID is reader8rdr-en_US
04/29/2019 (16:37:51) : Leaving GetAppID()
04/29/2019 (16:37:51) : GetAppDispName() - appDispName is Adobe Reader 8
04/29/2019 (16:37:52) : AUMTriggerUpdateCheck returns => 0
05/03/2019 (08:04:04) : Loading AUM Integration library at path C:\Program Files (x86)\Adobe\Reader 8.0\Reader\AdobeUpdater.dll.
05/03/2019 (08:04:04) : Successfully loaded AUM integration library
05/03/2019 (08:04:04) : Successfully found all library entry points.  Library is valid.
05/03/2019 (08:04:04) : Entering GetAppID()
05/03/2019 (08:04:04) :     appID is reader8rdr-en_US
05/03/2019 (08:04:04) : Leaving GetAppID()
05/03/2019 (08:04:04) : AUMDoPluginAction returns => 0
05/10/2019 (20:02:12) : Loading AUM Integration library at path C:\Program Files (x86)\Adobe\Reader 8.0\Reader\AdobeUpdater.dll.
05/10/2019 (20:02:12) : Successfully loaded AUM integration library
05/10/2019 (20:02:12) : Successfully found all library entry points.  Library is valid.
05/10/2019 (20:02:12) : Entering GetAppID()
05/10/2019 (20:02:12) :     appID is reader8rdr-en_US
05/10/2019 (20:02:12) : Leaving GetAppID()
05/10/2019 (20:02:13) : AUMDoPluginAction returns => 0
05/11/2019 (21:21:33) : Loading AUM Integration library at path C:\Program Files (x86)\Adobe\Reader 8.0\Reader\AdobeUpdater.dll.
05/11/2019 (21:21:33) : Successfully loaded AUM integration library
05/11/2019 (21:21:33) : Successfully found all library entry points.  Library is valid.
05/11/2019 (21:21:33) : Entering GetAppID()
05/11/2019 (21:21:33) :     appID is reader8rdr-en_US
05/11/2019 (21:21:33) : Leaving GetAppID()
05/11/2019 (21:21:33) : AUMDoPluginAction returns => 0
05/11/2019 (21:22:40) : Entering GetAppID()
05/11/2019 (21:22:40) :     appID is reader8rdr-en_US
05/11/2019 (21:22:40) : Leaving GetAppID()
05/11/2019 (21:22:40) : GetAppDispName() - appDispName is Adobe Reader 8
05/11/2019 (21:22:40) : AUMTriggerUpdateCheck returns => 0
05/11/2019 (22:15:08) : Loading AUM Integration library at path C:\Program Files (x86)\Adobe\Reader 8.0\Reader\AdobeUpdater.dll.
05/11/2019 (22:15:08) : Successfully loaded AUM integration library
05/11/2019 (22:15:08) : Successfully found all library entry points.  Library is valid.
05/11/2019 (22:15:08) : Entering GetAppID()
05/11/2019 (22:15:08) :     appID is reader8rdr-en_US
05/11/2019 (22:15:08) : Leaving GetAppID()
05/11/2019 (22:15:08) : AUMDoPluginAction returns => 0
05/14/2019 (15:02:58) : Loading AUM Integration library at path C:\Program Files (x86)\Adobe\Reader 8.0\Reader\AdobeUpdater.dll.
05/14/2019 (15:02:58) : Successfully loaded AUM integration library
05/14/2019 (15:02:58) : Successfully found all library entry points.  Library is valid.
05/14/2019 (15:02:58) : Entering GetAppID()
05/14/2019 (15:02:58) :     appID is reader8rdr-en_US
05/14/2019 (15:02:58) : Leaving GetAppID()
05/14/2019 (15:02:58) : AUMDoPluginAction returns => 0
05/14/2019 (15:04:05) : Entering GetAppID()
05/14/2019 (15:04:05) :     appID is reader8rdr-en_US
05/14/2019 (15:04:05) : Leaving GetAppID()
05/14/2019 (15:04:05) : GetAppDispName() - appDispName is Adobe Reader 8
05/14/2019 (15:04:06) : AUMTriggerUpdateCheck returns => 0
05/22/2019 (09:16:22) : Loading AUM Integration library at path C:\Program Files (x86)\Adobe\Reader 8.0\Reader\AdobeUpdater.dll.
05/22/2019 (09:16:22) : Successfully loaded AUM integration library
05/22/2019 (09:16:22) : Successfully found all library entry points.  Library is valid.
05/22/2019 (09:16:22) : Entering GetAppID()
05/22/2019 (09:16:22) :     appID is reader8rdr-en_US
05/22/2019 (09:16:22) : Leaving GetAppID()
05/22/2019 (09:16:22) : AUMDoPluginAction returns => 0
05/22/2019 (09:17:30) : Entering GetAppID()
05/22/2019 (09:17:30) :     appID is reader8rdr-en_US
05/22/2019 (09:17:30) : Leaving GetAppID()
05/22/2019 (09:17:30) : GetAppDispName() - appDispName is Adobe Reader 8
05/22/2019 (09:17:30) : AUMTriggerUpdateCheck returns => 0
05/23/2019 (09:51:00) : Loading AUM Integration library at path C:\Program Files (x86)\Adobe\Reader 8.0\Reader\AdobeUpdater.dll.
05/23/2019 (09:51:00) : Successfully loaded AUM integration library
05/23/2019 (09:51:00) : Successfully found all library entry points.  Library is valid.
05/23/2019 (09:51:00) : Entering GetAppID()
05/23/2019 (09:51:00) :     appID is reader8rdr-en_US
05/23/2019 (09:51:00) : Leaving GetAppID()
05/23/2019 (09:51:00) : AUMDoPluginAction returns => 0
05/23/2019 (09:52:07) : Entering GetAppID()
05/23/2019 (09:52:07) :     appID is reader8rdr-en_US
05/23/2019 (09:52:07) : Leaving GetAppID()
05/23/2019 (09:52:07) : GetAppDispName() - appDispName is Adobe Reader 8
05/23/2019 (09:52:07) : AUMTriggerUpdateCheck returns => 0
06/10/2019 (16:33:37) : Loading AUM Integration library at path C:\Program Files (x86)\Adobe\Reader 8.0\Reader\AdobeUpdater.dll.
06/10/2019 (16:33:37) : Successfully loaded AUM integration library
06/10/2019 (16:33:37) : Successfully found all library entry points.  Library is valid.
06/10/2019 (16:33:37) : Entering GetAppID()
06/10/2019 (16:33:37) :     appID is reader8rdr-en_US
06/10/2019 (16:33:37) : Leaving GetAppID()
06/10/2019 (16:33:37) : AUMDoPluginAction returns => 0
06/10/2019 (16:34:45) : Entering GetAppID()
06/10/2019 (16:34:45) :     appID is reader8rdr-en_US
06/10/2019 (16:34:45) : Leaving GetAppID()
06/10/2019 (16:34:45) : GetAppDispName() - appDispName is Adobe Reader 8
06/10/2019 (16:34:45) : AUMTriggerUpdateCheck returns => 0
06/13/2019 (12:56:59) : Loading AUM Integration library at path C:\Program Files (x86)\Adobe\Reader 8.0\Reader\AdobeUpdater.dll.
06/13/2019 (12:56:59) : Successfully loaded AUM integration library
06/13/2019 (12:56:59) : Successfully found all library entry points.  Library is valid.
06/13/2019 (12:56:59) : Entering GetAppID()
06/13/2019 (12:56:59) :     appID is reader8rdr-en_US
06/13/2019 (12:56:59) : Leaving GetAppID()
06/13/2019 (12:56:59) : AUMDoPluginAction returns => 0
06/13/2019 (12:58:06) : Entering GetAppID()
06/13/2019 (12:58:06) :     appID is reader8rdr-en_US
06/13/2019 (12:58:06) : Leaving GetAppID()
06/13/2019 (12:58:06) : GetAppDispName() - appDispName is Adobe Reader 8
06/13/2019 (12:58:06) : AUMTriggerUpdateCheck returns => 0
06/20/2019 (15:44:48) : Loading AUM Integration library at path C:\Program Files (x86)\Adobe\Reader 8.0\Reader\AdobeUpdater.dll.
06/20/2019 (15:44:49) : Successfully loaded AUM integration library
06/20/2019 (15:44:49) : Successfully found all library entry points.  Library is valid.
06/20/2019 (15:44:49) : Entering GetAppID()
06/20/2019 (15:44:49) :     appID is reader8rdr-en_US
06/20/2019 (15:44:49) : Leaving GetAppID()
06/20/2019 (15:44:49) : AUMDoPluginAction returns => 0
06/20/2019 (15:45:56) : Entering GetAppID()
06/20/2019 (15:45:56) :     appID is reader8rdr-en_US
06/20/2019 (15:45:56) : Leaving GetAppID()
06/20/2019 (15:45:56) : GetAppDispName() - appDispName is Adobe Reader 8
06/20/2019 (15:45:56) : AUMTriggerUpdateCheck returns => 0
06/20/2019 (16:10:22) : Loading AUM Integration library at path C:\Program Files (x86)\Adobe\Reader 8.0\Reader\AdobeUpdater.dll.
06/20/2019 (16:10:22) : Successfully loaded AUM integration library
06/20/2019 (16:10:22) : Successfully found all library entry points.  Library is valid.
06/20/2019 (16:10:22) : Entering GetAppID()
06/20/2019 (16:10:22) :     appID is reader8rdr-en_US
06/20/2019 (16:10:22) : Leaving GetAppID()
06/20/2019 (16:10:22) : AUMDoPluginAction returns => 0
06/20/2019 (17:09:25) : Loading AUM Integration library at path C:\Program Files (x86)\Adobe\Reader 8.0\Reader\AdobeUpdater.dll.
06/20/2019 (17:09:26) : Successfully loaded AUM integration library
06/20/2019 (17:09:26) : Successfully found all library entry points.  Library is valid.
06/20/2019 (17:09:26) : Entering GetAppID()
06/20/2019 (17:09:26) :     appID is reader8rdr-en_US
06/20/2019 (17:09:26) : Leaving GetAppID()
06/20/2019 (17:09:26) : AUMDoPluginAction returns => 0
06/25/2019 (12:31:34) : Loading AUM Integration library at path C:\Program Files (x86)\Adobe\Reader 8.0\Reader\AdobeUpdater.dll.
06/25/2019 (12:31:34) : Successfully loaded AUM integration library
06/25/2019 (12:31:34) : Successfully found all library entry points.  Library is valid.
06/25/2019 (12:31:34) : Entering GetAppID()
06/25/2019 (12:31:34) :     appID is reader8rdr-en_US
06/25/2019 (12:31:34) : Leaving GetAppID()
06/25/2019 (12:31:34) : AUMDoPluginAction returns => 0
06/25/2019 (12:32:41) : Entering GetAppID()
06/25/2019 (12:32:41) :     appID is reader8rdr-en_US
06/25/2019 (12:32:41) : Leaving GetAppID()
06/25/2019 (12:32:41) : GetAppDispName() - appDispName is Adobe Reader 8
06/25/2019 (12:32:41) : AUMTriggerUpdateCheck returns => 0
06/25/2019 (12:33:15) : Loading AUM Integration library at path C:\Program Files (x86)\Adobe\Reader 8.0\Reader\AdobeUpdater.dll.
06/25/2019 (12:33:15) : Successfully loaded AUM integration library
06/25/2019 (12:33:15) : Successfully found all library entry points.  Library is valid.
06/25/2019 (12:33:15) : Entering GetAppID()
06/25/2019 (12:33:15) :     appID is reader8rdr-en_US
06/25/2019 (12:33:15) : Leaving GetAppID()
06/25/2019 (12:33:15) : AUMDoPluginAction returns => 0
06/25/2019 (16:13:25) : Loading AUM Integration library at path C:\Program Files (x86)\Adobe\Reader 8.0\Reader\AdobeUpdater.dll.
06/25/2019 (16:13:25) : Successfully loaded AUM integration library
06/25/2019 (16:13:25) : Successfully found all library entry points.  Library is valid.
06/25/2019 (16:13:25) : Entering GetAppID()
06/25/2019 (16:13:25) :     appID is reader8rdr-en_US
06/25/2019 (16:13:25) : Leaving GetAppID()
06/25/2019 (16:13:25) : AUMDoPluginAction returns => 0
06/25/2019 (16:14:32) : Entering GetAppID()
06/25/2019 (16:14:32) :     appID is reader8rdr-en_US
06/25/2019 (16:14:32) : Leaving GetAppID()
06/25/2019 (16:14:32) : GetAppDispName() - appDispName is Adobe Reader 8
06/25/2019 (16:14:32) : AUMTriggerUpdateCheck returns => 0
06/25/2019 (16:21:07) : Loading AUM Integration library at path C:\Program Files (x86)\Adobe\Reader 8.0\Reader\AdobeUpdater.dll.
06/25/2019 (16:21:07) : Successfully loaded AUM integration library
06/25/2019 (16:21:07) : Successfully found all library entry points.  Library is valid.
06/25/2019 (16:21:07) : Entering GetAppID()
06/25/2019 (16:21:07) :     appID is reader8rdr-en_US
06/25/2019 (16:21:07) : Leaving GetAppID()
06/25/2019 (16:21:07) : AUMDoPluginAction returns => 0
06/25/2019 (16:22:15) : Entering GetAppID()
06/25/2019 (16:22:15) :     appID is reader8rdr-en_US
06/25/2019 (16:22:15) : Leaving GetAppID()
06/25/2019 (16:22:15) : GetAppDispName() - appDispName is Adobe Reader 8
06/25/2019 (16:22:15) : AUMTriggerUpdateCheck returns => 0
06/29/2019 (21:53:34) : Loading AUM Integration library at path C:\Program Files (x86)\Adobe\Reader 8.0\Reader\AdobeUpdater.dll.
06/29/2019 (21:53:34) : Successfully loaded AUM integration library
06/29/2019 (21:53:34) : Successfully found all library entry points.  Library is valid.
06/29/2019 (21:53:34) : Entering GetAppID()
06/29/2019 (21:53:34) :     appID is reader8rdr-en_US
06/29/2019 (21:53:34) : Leaving GetAppID()
06/29/2019 (21:53:34) : AUMDoPluginAction returns => 0
06/29/2019 (22:04:13) : Loading AUM Integration library at path C:\Program Files (x86)\Adobe\Reader 8.0\Reader\AdobeUpdater.dll.
06/29/2019 (22:04:13) : Successfully loaded AUM integration library
06/29/2019 (22:04:13) : Successfully found all library entry points.  Library is valid.
06/29/2019 (22:04:13) : Entering GetAppID()
06/29/2019 (22:04:13) :     appID is reader8rdr-en_US
06/29/2019 (22:04:13) : Leaving GetAppID()
06/29/2019 (22:04:13) : AUMDoPluginAction returns => 0
06/29/2019 (22:05:51) : Loading AUM Integration library at path C:\Program Files (x86)\Adobe\Reader 8.0\Reader\AdobeUpdater.dll.
06/29/2019 (22:05:52) : Successfully loaded AUM integration library
06/29/2019 (22:05:52) : Successfully found all library entry points.  Library is valid.
06/29/2019 (22:05:52) : Entering GetAppID()
06/29/2019 (22:05:52) :     appID is reader8rdr-en_US
06/29/2019 (22:05:52) : Leaving GetAppID()
06/29/2019 (22:05:52) : AUMDoPluginAction returns => 0
07/10/2019 (06:55:55) : Loading AUM Integration library at path C:\Program Files (x86)\Adobe\Reader 8.0\Reader\AdobeUpdater.dll.
07/10/2019 (06:55:55) : Successfully loaded AUM integration library
07/10/2019 (06:55:55) : Successfully found all library entry points.  Library is valid.
07/10/2019 (06:55:55) : Entering GetAppID()
07/10/2019 (06:55:55) :     appID is reader8rdr-en_US
07/10/2019 (06:55:55) : Leaving GetAppID()
07/10/2019 (06:55:55) : AUMDoPluginAction returns => 0
07/10/2019 (06:56:20) : Loading AUM Integration library at path C:\Program Files (x86)\Adobe\Reader 8.0\Reader\AdobeUpdater.dll.
07/10/2019 (06:56:20) : Successfully loaded AUM integration library
07/10/2019 (06:56:20) : Successfully found all library entry points.  Library is valid.
07/10/2019 (06:56:20) : Entering GetAppID()
07/10/2019 (06:56:20) :     appID is reader8rdr-en_US
07/10/2019 (06:56:20) : Leaving GetAppID()
07/10/2019 (06:56:20) : AUMDoPluginAction returns => 0
07/10/2019 (06:56:39) : Loading AUM Integration library at path C:\Program Files (x86)\Adobe\Reader 8.0\Reader\AdobeUpdater.dll.
07/10/2019 (06:56:39) : Successfully loaded AUM integration library
07/10/2019 (06:56:39) : Successfully found all library entry points.  Library is valid.
07/10/2019 (06:56:39) : Entering GetAppID()
07/10/2019 (06:56:39) :     appID is reader8rdr-en_US
07/10/2019 (06:56:39) : Leaving GetAppID()
07/10/2019 (06:56:39) : AUMDoPluginAction returns => 0
07/10/2019 (06:57:46) : Entering GetAppID()
07/10/2019 (06:57:46) :     appID is reader8rdr-en_US
07/10/2019 (06:57:46) : Leaving GetAppID()
07/10/2019 (06:57:46) : GetAppDispName() - appDispName is Adobe Reader 8
07/10/2019 (06:57:46) : AUMTriggerUpdateCheck returns => 0
07/10/2019 (10:27:22) : Loading AUM Integration library at path C:\Program Files (x86)\Adobe\Reader 8.0\Reader\AdobeUpdater.dll.
07/10/2019 (10:27:22) : Successfully loaded AUM integration library
07/10/2019 (10:27:22) : Successfully found all library entry points.  Library is valid.
07/10/2019 (10:27:22) : Entering GetAppID()
07/10/2019 (10:27:22) :     appID is reader8rdr-en_US
07/10/2019 (10:27:22) : Leaving GetAppID()
07/10/2019 (10:27:22) : AUMDoPluginAction returns => 0
07/10/2019 (10:28:30) : Entering GetAppID()
07/10/2019 (10:28:30) :     appID is reader8rdr-en_US
07/10/2019 (10:28:30) : Leaving GetAppID()
07/10/2019 (10:28:30) : GetAppDispName() - appDispName is Adobe Reader 8
07/10/2019 (10:28:30) : AUMTriggerUpdateCheck returns => 0
07/12/2019 (23:15:43) : Loading AUM Integration library at path C:\Program Files (x86)\Adobe\Reader 8.0\Reader\AdobeUpdater.dll.
07/12/2019 (23:15:43) : Successfully loaded AUM integration library
07/12/2019 (23:15:43) : Successfully found all library entry points.  Library is valid.
07/12/2019 (23:15:43) : Entering GetAppID()
07/12/2019 (23:15:43) :     appID is reader8rdr-en_US
07/12/2019 (23:15:43) : Leaving GetAppID()
07/12/2019 (23:15:43) : AUMDoPluginAction returns => 0
07/12/2019 (23:16:51) : Entering GetAppID()
07/12/2019 (23:16:51) :     appID is reader8rdr-en_US
07/12/2019 (23:16:51) : Leaving GetAppID()
07/12/2019 (23:16:51) : GetAppDispName() - appDispName is Adobe Reader 8
07/12/2019 (23:16:51) : AUMTriggerUpdateCheck returns => 0
07/20/2019 (21:13:29) : Loading AUM Integration library at path C:\Program Files (x86)\Adobe\Reader 8.0\Reader\AdobeUpdater.dll.
07/20/2019 (21:13:29) : Successfully loaded AUM integration library
07/20/2019 (21:13:29) : Successfully found all library entry points.  Library is valid.
07/20/2019 (21:13:29) : Entering GetAppID()
07/20/2019 (21:13:29) :     appID is reader8rdr-en_US
07/20/2019 (21:13:29) : Leaving GetAppID()
07/20/2019 (21:13:29) : AUMDoPluginAction returns => 0
07/20/2019 (21:14:37) : Entering GetAppID()
07/20/2019 (21:14:37) :     appID is reader8rdr-en_US
07/20/2019 (21:14:37) : Leaving GetAppID()
07/20/2019 (21:14:37) : GetAppDispName() - appDispName is Adobe Reader 8
07/20/2019 (21:14:37) : AUMTriggerUpdateCheck returns => 0
07/21/2019 (05:53:51) : Loading AUM Integration library at path C:\Program Files (x86)\Adobe\Reader 8.0\Reader\AdobeUpdater.dll.
07/21/2019 (05:53:51) : Successfully loaded AUM integration library
07/21/2019 (05:53:51) : Successfully found all library entry points.  Library is valid.
07/21/2019 (05:53:51) : Entering GetAppID()
07/21/2019 (05:53:51) :     appID is reader8rdr-en_US
07/21/2019 (05:53:51) : Leaving GetAppID()
07/21/2019 (05:53:51) : AUMDoPluginAction returns => 0
07/21/2019 (05:54:59) : Entering GetAppID()
07/21/2019 (05:54:59) :     appID is reader8rdr-en_US
07/21/2019 (05:54:59) : Leaving GetAppID()
07/21/2019 (05:54:59) : GetAppDispName() - appDispName is Adobe Reader 8
07/21/2019 (05:54:59) : AUMTriggerUpdateCheck returns => 0
07/21/2019 (06:13:28) : Loading AUM Integration library at path C:\Program Files (x86)\Adobe\Reader 8.0\Reader\AdobeUpdater.dll.
07/21/2019 (06:13:28) : Successfully loaded AUM integration library
07/21/2019 (06:13:28) : Successfully found all library entry points.  Library is valid.
07/21/2019 (06:13:28) : Entering GetAppID()
07/21/2019 (06:13:28) :     appID is reader8rdr-en_US
07/21/2019 (06:13:28) : Leaving GetAppID()
07/21/2019 (06:13:29) : AUMDoPluginAction returns => 0
07/21/2019 (06:14:36) : Entering GetAppID()
07/21/2019 (06:14:36) :     appID is reader8rdr-en_US
07/21/2019 (06:14:36) : Leaving GetAppID()
07/21/2019 (06:14:36) : GetAppDispName() - appDispName is Adobe Reader 8
07/21/2019 (06:14:36) : AUMTriggerUpdateCheck returns => 0
07/23/2019 (11:31:33) : Loading AUM Integration library at path C:\Program Files (x86)\Adobe\Reader 8.0\Reader\AdobeUpdater.dll.
07/23/2019 (11:31:33) : Successfully loaded AUM integration library
07/23/2019 (11:31:33) : Successfully found all library entry points.  Library is valid.
07/23/2019 (11:31:33) : Entering GetAppID()
07/23/2019 (11:31:33) :     appID is reader8rdr-en_US
07/23/2019 (11:31:33) : Leaving GetAppID()
07/23/2019 (11:31:33) : AUMDoPluginAction returns => 0
07/23/2019 (11:32:40) : Entering GetAppID()
07/23/2019 (11:32:40) :     appID is reader8rdr-en_US
07/23/2019 (11:32:40) : Leaving GetAppID()
07/23/2019 (11:32:40) : GetAppDispName() - appDispName is Adobe Reader 8
07/23/2019 (11:32:40) : AUMTriggerUpdateCheck returns => 0
07/24/2019 (21:31:58) : Loading AUM Integration library at path C:\Program Files (x86)\Adobe\Reader 8.0\Reader\AdobeUpdater.dll.
07/24/2019 (21:31:58) : Successfully loaded AUM integration library
07/24/2019 (21:31:58) : Successfully found all library entry points.  Library is valid.
07/24/2019 (21:31:58) : Entering GetAppID()
07/24/2019 (21:31:58) :     appID is reader8rdr-en_US
07/24/2019 (21:31:58) : Leaving GetAppID()
07/24/2019 (21:31:58) : AUMDoPluginAction returns => 0
07/25/2019 (21:42:08) : Loading AUM Integration library at path C:\Program Files (x86)\Adobe\Reader 8.0\Reader\AdobeUpdater.dll.
07/25/2019 (21:42:08) : Successfully loaded AUM integration library
07/25/2019 (21:42:08) : Successfully found all library entry points.  Library is valid.
07/25/2019 (21:42:08) : Entering GetAppID()
07/25/2019 (21:42:08) :     appID is reader8rdr-en_US
07/25/2019 (21:42:08) : Leaving GetAppID()
07/25/2019 (21:42:08) : AUMDoPluginAction returns => 0
07/25/2019 (21:43:16) : Entering GetAppID()
07/25/2019 (21:43:16) :     appID is reader8rdr-en_US
07/25/2019 (21:43:16) : Leaving GetAppID()
07/25/2019 (21:43:16) : GetAppDispName() - appDispName is Adobe Reader 8
07/25/2019 (21:43:16) : AUMTriggerUpdateCheck returns => 0
07/26/2019 (06:39:35) : Loading AUM Integration library at path C:\Program Files (x86)\Adobe\Reader 8.0\Reader\AdobeUpdater.dll.
07/26/2019 (06:39:35) : Successfully loaded AUM integration library
07/26/2019 (06:39:35) : Successfully found all library entry points.  Library is valid.
07/26/2019 (06:39:35) : Entering GetAppID()
07/26/2019 (06:39:35) :     appID is reader8rdr-en_US
07/26/2019 (06:39:35) : Leaving GetAppID()
07/26/2019 (06:39:35) : AUMDoPluginAction returns => 0
07/26/2019 (06:40:43) : Entering GetAppID()
07/26/2019 (06:40:43) :     appID is reader8rdr-en_US
07/26/2019 (06:40:43) : Leaving GetAppID()
07/26/2019 (06:40:43) : GetAppDispName() - appDispName is Adobe Reader 8
07/26/2019 (06:40:43) : AUMTriggerUpdateCheck returns => 0
07/28/2019 (14:16:30) : Loading AUM Integration library at path C:\Program Files (x86)\Adobe\Reader 8.0\Reader\AdobeUpdater.dll.
07/28/2019 (14:16:30) : Successfully loaded AUM integration library
07/28/2019 (14:16:30) : Successfully found all library entry points.  Library is valid.
07/28/2019 (14:16:30) : Entering GetAppID()
07/28/2019 (14:16:30) :     appID is reader8rdr-en_US
07/28/2019 (14:16:30) : Leaving GetAppID()
07/28/2019 (14:16:31) : AUMDoPluginAction returns => 0
07/28/2019 (14:17:36) : Loading AUM Integration library at path C:\Program Files (x86)\Adobe\Reader 8.0\Reader\AdobeUpdater.dll.
07/28/2019 (14:17:36) : Successfully loaded AUM integration library
07/28/2019 (14:17:36) : Successfully found all library entry points.  Library is valid.
07/28/2019 (14:17:36) : Entering GetAppID()
07/28/2019 (14:17:36) :     appID is reader8rdr-en_US
07/28/2019 (14:17:36) : Leaving GetAppID()
07/28/2019 (14:17:36) : AUMDoPluginAction returns => 0
07/28/2019 (14:18:43) : Entering GetAppID()
07/28/2019 (14:18:43) :     appID is reader8rdr-en_US
07/28/2019 (14:18:43) : Leaving GetAppID()
07/28/2019 (14:18:43) : GetAppDispName() - appDispName is Adobe Reader 8
07/28/2019 (14:18:43) : AUMTriggerUpdateCheck returns => 0
07/30/2019 (01:40:44) : Loading AUM Integration library at path C:\Program Files (x86)\Adobe\Reader 8.0\Reader\AdobeUpdater.dll.
07/30/2019 (01:40:44) : Successfully loaded AUM integration library
07/30/2019 (01:40:44) : Successfully found all library entry points.  Library is valid.
07/30/2019 (01:40:44) : Entering GetAppID()
07/30/2019 (01:40:44) :     appID is reader8rdr-en_US
07/30/2019 (01:40:44) : Leaving GetAppID()
07/30/2019 (01:40:44) : AUMDoPluginAction returns => 0
07/30/2019 (01:41:51) : Entering GetAppID()
07/30/2019 (01:41:51) :     appID is reader8rdr-en_US
07/30/2019 (01:41:51) : Leaving GetAppID()
07/30/2019 (01:41:51) : GetAppDispName() - appDispName is Adobe Reader 8
07/30/2019 (01:41:51) : AUMTriggerUpdateCheck returns => 0
07/30/2019 (06:37:42) : Loading AUM Integration library at path C:\Program Files (x86)\Adobe\Reader 8.0\Reader\AdobeUpdater.dll.
07/30/2019 (06:37:42) : Successfully loaded AUM integration library
07/30/2019 (06:37:42) : Successfully found all library entry points.  Library is valid.
07/30/2019 (06:37:42) : Entering GetAppID()
07/30/2019 (06:37:42) :     appID is reader8rdr-en_US
07/30/2019 (06:37:42) : Leaving GetAppID()
07/30/2019 (06:37:42) : AUMDoPluginAction returns => 0
07/30/2019 (06:38:49) : Entering GetAppID()
07/30/2019 (06:38:49) :     appID is reader8rdr-en_US
07/30/2019 (06:38:49) : Leaving GetAppID()
07/30/2019 (06:38:49) : GetAppDispName() - appDispName is Adobe Reader 8
07/30/2019 (06:38:49) : AUMTriggerUpdateCheck returns => 0
07/30/2019 (21:26:34) : Loading AUM Integration library at path C:\Program Files (x86)\Adobe\Reader 8.0\Reader\AdobeUpdater.dll.
07/30/2019 (21:26:35) : Successfully loaded AUM integration library
07/30/2019 (21:26:35) : Successfully found all library entry points.  Library is valid.
07/30/2019 (21:26:35) : Entering GetAppID()
07/30/2019 (21:26:35) :     appID is reader8rdr-en_US
07/30/2019 (21:26:35) : Leaving GetAppID()
07/30/2019 (21:26:35) : AUMDoPluginAction returns => 0
07/30/2019 (21:27:43) : Entering GetAppID()
07/30/2019 (21:27:43) :     appID is reader8rdr-en_US
07/30/2019 (21:27:43) : Leaving GetAppID()
07/30/2019 (21:27:43) : GetAppDispName() - appDispName is Adobe Reader 8
07/30/2019 (21:27:43) : AUMTriggerUpdateCheck returns => 0
07/31/2019 (02:39:02) : Loading AUM Integration library at path C:\Program Files (x86)\Adobe\Reader 8.0\Reader\AdobeUpdater.dll.
07/31/2019 (02:39:02) : Successfully loaded AUM integration library
07/31/2019 (02:39:02) : Successfully found all library entry points.  Library is valid.
07/31/2019 (02:39:02) : Entering GetAppID()
07/31/2019 (02:39:02) :     appID is reader8rdr-en_US
07/31/2019 (02:39:02) : Leaving GetAppID()
07/31/2019 (02:39:02) : AUMDoPluginAction returns => 0
07/31/2019 (02:40:10) : Entering GetAppID()
07/31/2019 (02:40:10) :     appID is reader8rdr-en_US
07/31/2019 (02:40:10) : Leaving GetAppID()
07/31/2019 (02:40:10) : GetAppDispName() - appDispName is Adobe Reader 8
07/31/2019 (02:40:10) : AUMTriggerUpdateCheck returns => 0
07/31/2019 (22:37:51) : Loading AUM Integration library at path C:\Program Files (x86)\Adobe\Reader 8.0\Reader\AdobeUpdater.dll.
07/31/2019 (22:37:51) : Successfully loaded AUM integration library
07/31/2019 (22:37:51) : Successfully found all library entry points.  Library is valid.
07/31/2019 (22:37:51) : Entering GetAppID()
07/31/2019 (22:37:51) :     appID is reader8rdr-en_US
07/31/2019 (22:37:51) : Leaving GetAppID()
07/31/2019 (22:37:51) : AUMDoPluginAction returns => 0
07/31/2019 (22:38:58) : Entering GetAppID()
07/31/2019 (22:38:58) :     appID is reader8rdr-en_US
07/31/2019 (22:38:58) : Leaving GetAppID()
07/31/2019 (22:38:58) : GetAppDispName() - appDispName is Adobe Reader 8
07/31/2019 (22:38:58) : AUMTriggerUpdateCheck returns => 0
08/01/2019 (08:04:37) : Loading AUM Integration library at path C:\Program Files (x86)\Adobe\Reader 8.0\Reader\AdobeUpdater.dll.
08/01/2019 (08:04:37) : Successfully loaded AUM integration library
08/01/2019 (08:04:37) : Successfully found all library entry points.  Library is valid.
08/01/2019 (08:04:37) : Entering GetAppID()
08/01/2019 (08:04:37) :     appID is reader8rdr-en_US
08/01/2019 (08:04:37) : Leaving GetAppID()
08/01/2019 (08:04:37) : AUMDoPluginAction returns => 0
08/01/2019 (08:05:45) : Entering GetAppID()
08/01/2019 (08:05:45) :     appID is reader8rdr-en_US
08/01/2019 (08:05:45) : Leaving GetAppID()
08/01/2019 (08:05:45) : GetAppDispName() - appDispName is Adobe Reader 8
08/01/2019 (08:05:45) : AUMTriggerUpdateCheck returns => 0
08/01/2019 (13:16:57) : Loading AUM Integration library at path C:\Program Files (x86)\Adobe\Reader 8.0\Reader\AdobeUpdater.dll.
08/01/2019 (13:16:57) : Successfully loaded AUM integration library
08/01/2019 (13:16:57) : Successfully found all library entry points.  Library is valid.
08/01/2019 (13:16:57) : Entering GetAppID()
08/01/2019 (13:16:57) :     appID is reader8rdr-en_US
08/01/2019 (13:16:57) : Leaving GetAppID()
08/01/2019 (13:16:57) : AUMDoPluginAction returns => 0
08/01/2019 (13:18:04) : Entering GetAppID()
08/01/2019 (13:18:04) :     appID is reader8rdr-en_US
08/01/2019 (13:18:04) : Leaving GetAppID()
08/01/2019 (13:18:04) : GetAppDispName() - appDispName is Adobe Reader 8
08/01/2019 (13:18:04) : AUMTriggerUpdateCheck returns => 0
08/02/2019 (07:12:22) : Loading AUM Integration library at path C:\Program Files (x86)\Adobe\Reader 8.0\Reader\AdobeUpdater.dll.
08/02/2019 (07:12:22) : Successfully loaded AUM integration library
08/02/2019 (07:12:22) : Successfully found all library entry points.  Library is valid.
08/02/2019 (07:12:22) : Entering GetAppID()
08/02/2019 (07:12:22) :     appID is reader8rdr-en_US
08/02/2019 (07:12:22) : Leaving GetAppID()
08/02/2019 (07:12:22) : AUMDoPluginAction returns => 0
08/02/2019 (07:13:29) : Entering GetAppID()
08/02/2019 (07:13:29) :     appID is reader8rdr-en_US
08/02/2019 (07:13:29) : Leaving GetAppID()
08/02/2019 (07:13:29) : GetAppDispName() - appDispName is Adobe Reader 8
08/02/2019 (07:13:29) : AUMTriggerUpdateCheck returns => 0
08/02/2019 (15:30:56) : Loading AUM Integration library at path C:\Program Files (x86)\Adobe\Reader 8.0\Reader\AdobeUpdater.dll.
08/02/2019 (15:30:56) : Successfully loaded AUM integration library
08/02/2019 (15:30:56) : Successfully found all library entry points.  Library is valid.
08/02/2019 (15:30:56) : Entering GetAppID()
08/02/2019 (15:30:56) :     appID is reader8rdr-en_US
08/02/2019 (15:30:56) : Leaving GetAppID()
08/02/2019 (15:30:56) : AUMDoPluginAction returns => 0
08/02/2019 (15:31:55) : Loading AUM Integration library at path C:\Program Files (x86)\Adobe\Reader 8.0\Reader\AdobeUpdater.dll.
08/02/2019 (15:31:55) : Successfully loaded AUM integration library
08/02/2019 (15:31:55) : Successfully found all library entry points.  Library is valid.
08/02/2019 (15:31:55) : Entering GetAppID()
08/02/2019 (15:31:55) :     appID is reader8rdr-en_US
08/02/2019 (15:31:55) : Leaving GetAppID()
08/02/2019 (15:31:55) : AUMDoPluginAction returns => 0
08/02/2019 (15:33:02) : Entering GetAppID()
08/02/2019 (15:33:02) :     appID is reader8rdr-en_US
08/02/2019 (15:33:02) : Leaving GetAppID()
08/02/2019 (15:33:02) : GetAppDispName() - appDispName is Adobe Reader 8
08/02/2019 (15:33:02) : AUMTriggerUpdateCheck returns => 0
08/04/2019 (21:09:56) : Loading AUM Integration library at path C:\Program Files (x86)\Adobe\Reader 8.0\Reader\AdobeUpdater.dll.
08/04/2019 (21:09:56) : Successfully loaded AUM integration library
08/04/2019 (21:09:56) : Successfully found all library entry points.  Library is valid.
08/04/2019 (21:09:56) : Entering GetAppID()
08/04/2019 (21:09:56) :     appID is reader8rdr-en_US
08/04/2019 (21:09:56) : Leaving GetAppID()
08/04/2019 (21:09:56) : AUMDoPluginAction returns => 0
08/04/2019 (21:11:04) : Entering GetAppID()
08/04/2019 (21:11:04) :     appID is reader8rdr-en_US
08/04/2019 (21:11:04) : Leaving GetAppID()
08/04/2019 (21:11:04) : GetAppDispName() - appDispName is Adobe Reader 8
08/04/2019 (21:11:04) : AUMTriggerUpdateCheck returns => 0
08/05/2019 (14:10:55) : Loading AUM Integration library at path C:\Program Files (x86)\Adobe\Reader 8.0\Reader\AdobeUpdater.dll.
08/05/2019 (14:10:55) : Successfully loaded AUM integration library
08/05/2019 (14:10:55) : Successfully found all library entry points.  Library is valid.
08/05/2019 (14:10:55) : Entering GetAppID()
08/05/2019 (14:10:55) :     appID is reader8rdr-en_US
08/05/2019 (14:10:55) : Leaving GetAppID()
08/05/2019 (14:10:55) : AUMDoPluginAction returns => 0
08/05/2019 (14:12:02) : Entering GetAppID()
08/05/2019 (14:12:02) :     appID is reader8rdr-en_US
08/05/2019 (14:12:02) : Leaving GetAppID()
08/05/2019 (14:12:02) : GetAppDispName() - appDispName is Adobe Reader 8
08/05/2019 (14:12:02) : AUMTriggerUpdateCheck returns => 0
08/05/2019 (16:37:54) : Loading AUM Integration library at path C:\Program Files (x86)\Adobe\Reader 8.0\Reader\AdobeUpdater.dll.
08/05/2019 (16:37:54) : Successfully loaded AUM integration library
08/05/2019 (16:37:54) : Successfully found all library entry points.  Library is valid.
08/05/2019 (16:37:54) : Entering GetAppID()
08/05/2019 (16:37:54) :     appID is reader8rdr-en_US
08/05/2019 (16:37:54) : Leaving GetAppID()
08/05/2019 (16:37:54) : AUMDoPluginAction returns => 0
08/05/2019 (16:39:01) : Entering GetAppID()
08/05/2019 (16:39:01) :     appID is reader8rdr-en_US
08/05/2019 (16:39:01) : Leaving GetAppID()
08/05/2019 (16:39:01) : GetAppDispName() - appDispName is Adobe Reader 8
08/05/2019 (16:39:01) : AUMTriggerUpdateCheck returns => 0
08/05/2019 (16:57:04) : Loading AUM Integration library at path C:\Program Files (x86)\Adobe\Reader 8.0\Reader\AdobeUpdater.dll.
08/05/2019 (16:57:04) : Successfully loaded AUM integration library
08/05/2019 (16:57:04) : Successfully found all library entry points.  Library is valid.
08/05/2019 (16:57:04) : Entering GetAppID()
08/05/2019 (16:57:04) :     appID is reader8rdr-en_US
08/05/2019 (16:57:04) : Leaving GetAppID()
08/05/2019 (16:57:04) : AUMDoPluginAction returns => 0
08/05/2019 (16:58:11) : Entering GetAppID()
08/05/2019 (16:58:11) :     appID is reader8rdr-en_US
08/05/2019 (16:58:11) : Leaving GetAppID()
08/05/2019 (16:58:11) : GetAppDispName() - appDispName is Adobe Reader 8
08/05/2019 (16:58:11) : AUMTriggerUpdateCheck returns => 0
08/13/2019 (22:17:13) : Loading AUM Integration library at path C:\Program Files (x86)\Adobe\Reader 8.0\Reader\AdobeUpdater.dll.
08/13/2019 (22:17:13) : Successfully loaded AUM integration library
08/13/2019 (22:17:13) : Successfully found all library entry points.  Library is valid.
08/13/2019 (22:17:13) : Entering GetAppID()
08/13/2019 (22:17:13) :     appID is reader8rdr-en_US
08/13/2019 (22:17:13) : Leaving GetAppID()
08/13/2019 (22:17:13) : AUMDoPluginAction returns => 0
08/14/2019 (03:20:44) : Loading AUM Integration library at path C:\Program Files (x86)\Adobe\Reader 8.0\Reader\AdobeUpdater.dll.
08/14/2019 (03:20:44) : Successfully loaded AUM integration library
08/14/2019 (03:20:44) : Successfully found all library entry points.  Library is valid.
08/14/2019 (03:20:44) : Entering GetAppID()
08/14/2019 (03:20:44) :     appID is reader8rdr-en_US
08/14/2019 (03:20:44) : Leaving GetAppID()
08/14/2019 (03:20:44) : AUMDoPluginAction returns => 0
08/14/2019 (03:21:51) : Entering GetAppID()
08/14/2019 (03:21:51) :     appID is reader8rdr-en_US
08/14/2019 (03:21:51) : Leaving GetAppID()
08/14/2019 (03:21:51) : GetAppDispName() - appDispName is Adobe Reader 8
08/14/2019 (03:21:52) : AUMTriggerUpdateCheck returns => 0
08/14/2019 (03:22:58) : Loading AUM Integration library at path C:\Program Files (x86)\Adobe\Reader 8.0\Reader\AdobeUpdater.dll.
08/14/2019 (03:22:58) : Successfully loaded AUM integration library
08/14/2019 (03:22:58) : Successfully found all library entry points.  Library is valid.
08/14/2019 (03:22:58) : Entering GetAppID()
08/14/2019 (03:22:58) :     appID is reader8rdr-en_US
08/14/2019 (03:22:58) : Leaving GetAppID()
08/14/2019 (03:22:58) : AUMDoPluginAction returns => 0
08/14/2019 (03:24:05) : Entering GetAppID()
08/14/2019 (03:24:05) :     appID is reader8rdr-en_US
08/14/2019 (03:24:05) : Leaving GetAppID()
08/14/2019 (03:24:05) : GetAppDispName() - appDispName is Adobe Reader 8
08/14/2019 (03:24:05) : AUMTriggerUpdateCheck returns => 0
08/14/2019 (03:58:05) : Loading AUM Integration library at path C:\Program Files (x86)\Adobe\Reader 8.0\Reader\AdobeUpdater.dll.
08/14/2019 (03:58:05) : Successfully loaded AUM integration library
08/14/2019 (03:58:05) : Successfully found all library entry points.  Library is valid.
08/14/2019 (03:58:05) : Entering GetAppID()
08/14/2019 (03:58:05) :     appID is reader8rdr-en_US
08/14/2019 (03:58:05) : Leaving GetAppID()
08/14/2019 (03:58:05) : AUMDoPluginAction returns => 0
08/14/2019 (03:59:12) : Entering GetAppID()
08/14/2019 (03:59:12) :     appID is reader8rdr-en_US
08/14/2019 (03:59:12) : Leaving GetAppID()
08/14/2019 (03:59:12) : GetAppDispName() - appDispName is Adobe Reader 8
08/14/2019 (03:59:12) : AUMTriggerUpdateCheck returns => 0
08/16/2019 (04:10:53) : Loading AUM Integration library at path C:\Program Files (x86)\Adobe\Reader 8.0\Reader\AdobeUpdater.dll.
08/16/2019 (04:10:53) : Successfully loaded AUM integration library
08/16/2019 (04:10:53) : Successfully found all library entry points.  Library is valid.
08/16/2019 (04:10:53) : Entering GetAppID()
08/16/2019 (04:10:53) :     appID is reader8rdr-en_US
08/16/2019 (04:10:53) : Leaving GetAppID()
08/16/2019 (04:10:53) : AUMDoPluginAction returns => 0
08/16/2019 (04:12:00) : Entering GetAppID()
08/16/2019 (04:12:00) :     appID is reader8rdr-en_US
08/16/2019 (04:12:00) : Leaving GetAppID()
08/16/2019 (04:12:00) : GetAppDispName() - appDispName is Adobe Reader 8
08/16/2019 (04:12:00) : AUMTriggerUpdateCheck returns => 0
08/20/2019 (07:49:52) : Loading AUM Integration library at path C:\Program Files (x86)\Adobe\Reader 8.0\Reader\AdobeUpdater.dll.
08/20/2019 (07:49:53) : Successfully loaded AUM integration library
08/20/2019 (07:49:53) : Successfully found all library entry points.  Library is valid.
08/20/2019 (07:49:53) : Entering GetAppID()
08/20/2019 (07:49:53) :     appID is reader8rdr-en_US
08/20/2019 (07:49:53) : Leaving GetAppID()
08/20/2019 (07:49:53) : AUMDoPluginAction returns => 0
08/20/2019 (14:56:41) : Loading AUM Integration library at path C:\Program Files (x86)\Adobe\Reader 8.0\Reader\AdobeUpdater.dll.
08/20/2019 (14:56:41) : Successfully loaded AUM integration library
08/20/2019 (14:56:41) : Successfully found all library entry points.  Library is valid.
08/20/2019 (14:56:41) : Entering GetAppID()
08/20/2019 (14:56:41) :     appID is reader8rdr-en_US
08/20/2019 (14:56:41) : Leaving GetAppID()
08/20/2019 (14:56:41) : AUMDoPluginAction returns => 0
08/20/2019 (14:57:49) : Entering GetAppID()
08/20/2019 (14:57:49) :     appID is reader8rdr-en_US
08/20/2019 (14:57:49) : Leaving GetAppID()
08/20/2019 (14:57:49) : GetAppDispName() - appDispName is Adobe Reader 8
08/20/2019 (14:57:49) : AUMTriggerUpdateCheck returns => 0
09/01/2019 (06:53:43) : Loading AUM Integration library at path C:\Program Files (x86)\Adobe\Reader 8.0\Reader\AdobeUpdater.dll.
09/01/2019 (06:53:43) : Successfully loaded AUM integration library
09/01/2019 (06:53:43) : Successfully found all library entry points.  Library is valid.
09/01/2019 (06:53:43) : Entering GetAppID()
09/01/2019 (06:53:43) :     appID is reader8rdr-en_US
09/01/2019 (06:53:43) : Leaving GetAppID()
09/01/2019 (06:53:44) : AUMDoPluginAction returns => 0
09/10/2019 (09:56:02) : Loading AUM Integration library at path C:\Program Files (x86)\Adobe\Reader 8.0\Reader\AdobeUpdater.dll.
09/10/2019 (09:56:02) : Successfully loaded AUM integration library
09/10/2019 (09:56:02) : Successfully found all library entry points.  Library is valid.
09/10/2019 (09:56:02) : Entering GetAppID()
09/10/2019 (09:56:02) :     appID is reader8rdr-en_US
09/10/2019 (09:56:02) : Leaving GetAppID()
09/10/2019 (09:56:02) : AUMDoPluginAction returns => 0
09/18/2019 (15:31:35) : Loading AUM Integration library at path C:\Program Files (x86)\Adobe\Reader 8.0\Reader\AdobeUpdater.dll.
09/18/2019 (15:31:35) : Successfully loaded AUM integration library
09/18/2019 (15:31:35) : Successfully found all library entry points.  Library is valid.
09/18/2019 (15:31:35) : Entering GetAppID()
09/18/2019 (15:31:35) :     appID is reader8rdr-en_US
09/18/2019 (15:31:35) : Leaving GetAppID()
09/18/2019 (15:31:35) : AUMDoPluginAction returns => 0
09/18/2019 (15:32:42) : Entering GetAppID()
09/18/2019 (15:32:42) :     appID is reader8rdr-en_US
09/18/2019 (15:32:42) : Leaving GetAppID()
09/18/2019 (15:32:42) : GetAppDispName() - appDispName is Adobe Reader 8
09/18/2019 (15:32:42) : AUMTriggerUpdateCheck returns => 0
09/24/2019 (12:08:25) : Loading AUM Integration library at path C:\Program Files (x86)\Adobe\Reader 8.0\Reader\AdobeUpdater.dll.
09/24/2019 (12:08:25) : Successfully loaded AUM integration library
09/24/2019 (12:08:25) : Successfully found all library entry points.  Library is valid.
09/24/2019 (12:08:25) : Entering GetAppID()
09/24/2019 (12:08:25) :     appID is reader8rdr-en_US
09/24/2019 (12:08:25) : Leaving GetAppID()
09/24/2019 (12:08:25) : AUMDoPluginAction returns => 0
10/03/2019 (16:17:32) : Loading AUM Integration library at path C:\Program Files (x86)\Adobe\Reader 8.0\Reader\AdobeUpdater.dll.
10/03/2019 (16:17:32) : Successfully loaded AUM integration library
10/03/2019 (16:17:32) : Successfully found all library entry points.  Library is valid.
10/03/2019 (16:17:32) : Entering GetAppID()
10/03/2019 (16:17:32) :     appID is reader8rdr-en_US
10/03/2019 (16:17:32) : Leaving GetAppID()
10/03/2019 (16:17:32) : AUMDoPluginAction returns => 0
10/03/2019 (16:18:40) : Entering GetAppID()
10/03/2019 (16:18:40) :     appID is reader8rdr-en_US
10/03/2019 (16:18:40) : Leaving GetAppID()
10/03/2019 (16:18:40) : GetAppDispName() - appDispName is Adobe Reader 8
10/03/2019 (16:18:40) : AUMTriggerUpdateCheck returns => 0
10/17/2019 (15:48:26) : Loading AUM Integration library at path C:\Program Files (x86)\Adobe\Reader 8.0\Reader\AdobeUpdater.dll.
10/17/2019 (15:48:26) : Successfully loaded AUM integration library
10/17/2019 (15:48:26) : Successfully found all library entry points.  Library is valid.
10/17/2019 (15:48:26) : Entering GetAppID()
10/17/2019 (15:48:26) :     appID is reader8rdr-en_US
10/17/2019 (15:48:26) : Leaving GetAppID()
10/17/2019 (15:48:26) : AUMDoPluginAction returns => 0
10/17/2019 (15:49:34) : Entering GetAppID()
10/17/2019 (15:49:34) :     appID is reader8rdr-en_US
10/17/2019 (15:49:34) : Leaving GetAppID()
10/17/2019 (15:49:34) : GetAppDispName() - appDispName is Adobe Reader 8
10/17/2019 (15:49:34) : AUMTriggerUpdateCheck returns => 0
10/17/2019 (15:50:50) : Loading AUM Integration library at path C:\Program Files (x86)\Adobe\Reader 8.0\Reader\AdobeUpdater.dll.
10/17/2019 (15:50:50) : Successfully loaded AUM integration library
10/17/2019 (15:50:50) : Successfully found all library entry points.  Library is valid.
10/17/2019 (15:50:50) : Entering GetAppID()
10/17/2019 (15:50:50) :     appID is reader8rdr-en_US
10/17/2019 (15:50:50) : Leaving GetAppID()
10/17/2019 (15:50:50) : AUMDoPluginAction returns => 0
10/29/2019 (16:46:27) : Loading AUM Integration library at path C:\Program Files (x86)\Adobe\Reader 8.0\Reader\AdobeUpdater.dll.
10/29/2019 (16:46:27) : Successfully loaded AUM integration library
10/29/2019 (16:46:27) : Successfully found all library entry points.  Library is valid.
10/29/2019 (16:46:27) : Entering GetAppID()
10/29/2019 (16:46:27) :     appID is reader8rdr-en_US
10/29/2019 (16:46:27) : Leaving GetAppID()
10/29/2019 (16:46:27) : AUMDoPluginAction returns => 0
10/29/2019 (16:53:34) : Loading AUM Integration library at path C:\Program Files (x86)\Adobe\Reader 8.0\Reader\AdobeUpdater.dll.
10/29/2019 (16:53:34) : Successfully loaded AUM integration library
10/29/2019 (16:53:34) : Successfully found all library entry points.  Library is valid.
10/29/2019 (16:53:34) : Entering GetAppID()
10/29/2019 (16:53:34) :     appID is reader8rdr-en_US
10/29/2019 (16:53:34) : Leaving GetAppID()
                                                                                                                                                                                                                                                                                                                                                                                                                                                10/29/2019 (17:00:54) : Loading AUM Integration library at path C:\Program Files (x86)\Adobe\Reader 8.0\Reader\AdobeUpdater.dll.
10/29/2019 (17:00:54) : Successfully loaded AUM integration library
10/29/2019 (17:00:54) : Successfully found all library entry points.  Library is valid.
10/29/2019 (17:00:54) : Entering GetAppID()
10/29/2019 (17:00:54) :     appID is reader8rdr-en_US
10/29/2019 (17:00:54) : Leaving GetAppID()
10/29/2019 (17:02:46) : Loading AUM Integration library at path C:\Program Files (x86)\Adobe\Reader 8.0\Reader\AdobeUpdater.dll.
10/29/2019 (17:02:46) : Successfully loaded AUM integration library
10/29/2019 (17:02:46) : Successfully found all library entry points.  Library is valid.
10/29/2019 (17:02:46) : Entering GetAppID()
10/29/2019 (17:02:46) :     appID is reader8rdr-en_US
10/29/2019 (17:02:46) : Leaving GetAppID()
10/29/2019 (17:04:11) : Loading AUM Integration library at path C:\Program Files (x86)\Adobe\Reader 8.0\Reader\AdobeUpdater.dll.
10/29/2019 (17:04:11) : Successfully loaded AUM integration library
10/29/2019 (17:04:11) : Successfully found all library entry points.  Library is valid.
10/29/2019 (17:04:11) : Entering GetAppID()
10/29/2019 (17:04:11) :     appID is reader8rdr-en_US
10/29/2019 (17:04:11) : Leaving GetAppID()
10/29/2019 (17:05:05) : Loading AUM Integration library at path C:\Program Files (x86)\Adobe\Reader 8.0\Reader\AdobeUpdater.dll.
10/29/2019 (17:05:05) : Successfully loaded AUM integration library
10/29/2019 (17:05:05) : Successfully found all library entry points.  Library is valid.
10/29/2019 (17:05:05) : Entering GetAppID()
10/29/2019 (17:05:05) :     appID is reader8rdr-en_US
10/29/2019 (17:05:05) : Leaving GetAppID()
10/29/2019 (17:09:43) : Loading AUM Integration library at path C:\Program Files (x86)\Adobe\Reader 8.0\Reader\AdobeUpdater.dll.
10/29/2019 (17:09:43) : Successfully loaded AUM integration library
10/29/2019 (17:09:43) : Successfully found all library entry points.  Library is valid.
10/29/2019 (17:09:43) : Entering GetAppID()
10/29/2019 (17:09:43) :     appID is reader8rdr-en_US
10/29/2019 (17:09:43) : Leaving GetAppID()
10/29/2019 (17:10:20) : Loading AUM Integration library at path C:\Program Files (x86)\Adobe\Reader 8.0\Reader\AdobeUpdater.dll.
10/29/2019 (17:10:20) : Successfully loaded AUM integration library
10/29/2019 (17:10:20) : Successfully found all library entry points.  Library is valid.
10/29/2019 (17:10:20) : Entering GetAppID()
10/29/2019 (17:10:20) :     appID is reader8rdr-en_US
10/29/2019 (17:10:20) : Leaving GetAppID()
01/20/2020 (07:13:39) : Loading AUM Integration library at path C:\Program Files (x86)\Adobe\Reader 8.0\Reader\AdobeUpdater.dll.
01/20/2020 (07:13:39) : Successfully loaded AUM integration library
01/20/2020 (07:13:39) : Successfully found all library entry points.  Library is valid.
01/20/2020 (07:13:39) : Entering GetAppID()
01/20/2020 (07:13:39) :     appID is reader8rdr-en_US
01/20/2020 (07:13:39) : Leaving GetAppID()
01/20/2020 (07:14:15) : Loading AUM Integration library at path C:\Program Files (x86)\Adobe\Reader 8.0\Reader\AdobeUpdater.dll.
01/20/2020 (07:14:15) : Successfully loaded AUM integration library
01/20/2020 (07:14:15) : Successfully found all library entry points.  Library is valid.
01/20/2020 (07:14:15) : Entering GetAppID()
01/20/2020 (07:14:15) :     appID is reader8rdr-en_US
01/20/2020 (07:14:15) : Leaving GetAppID()
01/20/2020 (12:07:38) : Loading AUM Integration library at path C:\Program Files (x86)\Adobe\Reader 8.0\Reader\AdobeUpdater.dll.
01/20/2020 (12:07:38) : Successfully loaded AUM integration library
01/20/2020 (12:07:38) : Successfully found all library entry points.  Library is valid.
01/20/2020 (12:07:38) : Entering GetAppID()
01/20/2020 (12:07:38) :     appID is reader8rdr-en_US
01/20/2020 (12:07:38) : Leaving GetAppID()
01/30/2020 (23:25:16) : Loading AUM Integration library at path C:\Program Files (x86)\Adobe\Reader 8.0\Reader\AdobeUpdater.dll.
01/30/2020 (23:25:16) : Successfully loaded AUM integration library
01/30/2020 (23:25:16) : Successfully found all library entry points.  Library is valid.
01/30/2020 (23:25:16) : Entering GetAppID()
01/30/2020 (23:25:16) :     appID is reader8rdr-en_US
01/30/2020 (23:25:16) : Leaving GetAppID()
03/10/2020 (06:05:14) : Loading AUM Integration library at path C:\Program Files (x86)\Adobe\Reader 8.0\Reader\AdobeUpdater.dll.
03/10/2020 (06:05:14) : Successfully loaded AUM integration library
03/10/2020 (06:05:14) : Successfully found all library entry points.  Library is valid.
03/10/2020 (06:05:14) : Entering GetAppID()
03/10/2020 (06:05:14) :     appID is reader8rdr-en_US
03/10/2020 (06:05:14) : Leaving GetAppID()
03/10/2020 (06:05:40) : Loading AUM Integration library at path C:\Program Files (x86)\Adobe\Reader 8.0\Reader\AdobeUpdater.dll.
03/10/2020 (06:05:40) : Successfully loaded AUM integration library
03/10/2020 (06:05:40) : Successfully found all library entry points.  Library is valid.
03/10/2020 (06:05:40) : Entering GetAppID()
03/10/2020 (06:05:40) :     appID is reader8rdr-en_US
03/10/2020 (06:05:40) : Leaving GetAppID()
03/18/2020 (09:26:34) : Loading AUM Integration library at path C:\Program Files (x86)\Adobe\Reader 8.0\Reader\AdobeUpdater.dll.
03/18/2020 (09:26:34) : Successfully loaded AUM integration library
03/18/2020 (09:26:34) : Successfully found all library entry points.  Library is valid.
03/18/2020 (09:26:34) : Entering GetAppID()
03/18/2020 (09:26:34) :     appID is reader8rdr-en_US
03/18/2020 (09:26:34) : Leaving GetAppID()
03/18/2020 (09:27:08) : Loading AUM Integration library at path C:\Program Files (x86)\Adobe\Reader 8.0\Reader\AdobeUpdater.dll.
03/18/2020 (09:27:08) : Successfully loaded AUM integration library
03/18/2020 (09:27:08) : Successfully found all library entry points.  Library is valid.
03/18/2020 (09:27:08) : Entering GetAppID()
03/18/2020 (09:27:08) :     appID is reader8rdr-en_US
03/18/2020 (09:27:08) : Leaving GetAppID()
03/18/2020 (09:27:34) : Loading AUM Integration library at path C:\Program Files (x86)\Adobe\Reader 8.0\Reader\AdobeUpdater.dll.
03/18/2020 (09:27:34) : Successfully loaded AUM integration library
03/18/2020 (09:27:34) : Successfully found all library entry points.  Library is valid.
03/18/2020 (09:27:34) : Entering GetAppID()
03/18/2020 (09:27:34) :     appID is reader8rdr-en_US
03/18/2020 (09:27:34) : Leaving GetAppID()
03/18/2020 (09:28:18) : Loading AUM Integration library at path C:\Program Files (x86)\Adobe\Reader 8.0\Reader\AdobeUpdater.dll.
03/18/2020 (09:28:18) : Successfully loaded AUM integration library
03/18/2020 (09:28:18) : Successfully found all library entry points.  Library is valid.
03/18/2020 (09:28:18) : Entering GetAppID()
03/18/2020 (09:28:18) :     appID is reader8rdr-en_US
03/18/2020 (09:28:18) : Leaving GetAppID()
03/18/2020 (09:28:45) : Loading AUM Integration library at path C:\Program Files (x86)\Adobe\Reader 8.0\Reader\AdobeUpdater.dll.
03/18/2020 (09:28:45) : Successfully loaded AUM integration library
03/18/2020 (09:28:45) : Successfully found all library entry points.  Library is valid.
03/18/2020 (09:28:45) : Entering GetAppID()
03/18/2020 (09:28:45) :     appID is reader8rdr-en_US
03/18/2020 (09:28:45) : Leaving GetAppID()
03/18/2020 (09:44:21) : Loading AUM Integration library at path C:\Program Files (x86)\Adobe\Reader 8.0\Reader\AdobeUpdater.dll.
03/18/2020 (09:44:21) : Successfully loaded AUM integration library
03/18/2020 (09:44:21) : Successfully found all library entry points.  Library is valid.
03/18/2020 (09:44:21) : Entering GetAppID()
03/18/2020 (09:44:21) :     appID is reader8rdr-en_US
03/18/2020 (09:44:21) : Leaving GetAppID()
03/18/2020 (09:44:50) : Loading AUM Integration library at path C:\Program Files (x86)\Adobe\Reader 8.0\Reader\AdobeUpdater.dll.
03/18/2020 (09:44:50) : Successfully loaded AUM integration library
03/18/2020 (09:44:50) : Successfully found all library entry points.  Library is valid.
03/18/2020 (09:44:50) : Entering GetAppID()
03/18/2020 (09:44:50) :     appID is reader8rdr-en_US
03/18/2020 (09:44:50) : Leaving GetAppID()
03/31/2020 (20:36:22) : Loading AUM Integration library at path C:\Program Files (x86)\Adobe\Reader 8.0\Reader\AdobeUpdater.dll.
03/31/2020 (20:36:22) : Successfully loaded AUM integration library
03/31/2020 (20:36:22) : Successfully found all library entry points.  Library is valid.
03/31/2020 (20:36:22) : Entering GetAppID()
03/31/2020 (20:36:22) :     appID is reader8rdr-en_US
03/31/2020 (20:36:22) : Leaving GetAppID()
03/31/2020 (20:39:19) : Loading AUM Integration library at path C:\Program Files (x86)\Adobe\Reader 8.0\Reader\AdobeUpdater.dll.
03/31/2020 (20:39:19) : Successfully loaded AUM integration library
03/31/2020 (20:39:19) : Successfully found all library entry points.  Library is valid.
03/31/2020 (20:39:19) : Entering GetAppID()
03/31/2020 (20:39:19) :     appID is reader8rdr-en_US
03/31/2020 (20:39:19) : Leaving GetAppID()
03/31/2020 (21:07:12) : Loading AUM Integration library at path C:\Program Files (x86)\Adobe\Reader 8.0\Reader\AdobeUpdater.dll.
03/31/2020 (21:07:12) : Successfully loaded AUM integration library
03/31/2020 (21:07:12) : Successfully found all library entry points.  Library is valid.
03/31/2020 (21:07:12) : Entering GetAppID()
03/31/2020 (21:07:12) :     appID is reader8rdr-en_US
03/31/2020 (21:07:12) : Leaving GetAppID()
03/31/2020 (21:08:34) : Loading AUM Integration library at path C:\Program Files (x86)\Adobe\Reader 8.0\Reader\AdobeUpdater.dll.
03/31/2020 (21:08:34) : Successfully loaded AUM integration library
03/31/2020 (21:08:34) : Successfully found all library entry points.  Library is valid.
03/31/2020 (21:08:34) : Entering GetAppID()
03/31/2020 (21:08:34) :     appID is reader8rdr-en_US
03/31/2020 (21:08:34) : Leaving GetAppID()
03/31/2020 (21:12:22) : Entering UnregisterAppWithAUM() with msiHandle 93
03/31/2020 (21:12:22) : Entering InstallerQIsReader()
03/31/2020 (21:12:22) :     the product code provided by the installer is {AC76BA86-7AD7-1033-7B44-A80000000002}
03/31/2020 (21:12:22) :     this corresponds to appID reader8rdr-en_US
03/31/2020 (21:12:22) : Leaving InstallerQIsReader()
03/31/2020 (21:12:22) : Loading AUM Integration library at path C:\Program Files (x86)\Adobe\Reader 8.0\Reader\AdobeUpdater.dll.
03/31/2020 (21:12:22) : Successfully loaded AUM integration library
03/31/2020 (21:12:22) : Successfully found all library entry points.  Library is valid.
03/31/2020 (21:12:22) : Entering GetAppID()
03/31/2020 (21:12:22) :     from within an installer context
03/31/2020 (21:12:22) : Entering InstallerQIsReader()
03/31/2020 (21:12:22) :     the product code provided by the installer is {AC76BA86-7AD7-1033-7B44-A80000000002}
03/31/2020 (21:12:22) :     this corresponds to appID reader8rdr-en_US
03/31/2020 (21:12:22) : Leaving InstallerQIsReader()
03/31/2020 (21:12:22) :     appID is reader8rdr-en_US
03/31/2020 (21:12:22) : Leaving GetAppID()
03/31/2020 (21:12:22) : Calling AUMUnRegisterApplication with appID reader8rdr-en_US
03/31/2020 (21:12:23) : AUMUnRegisterApplication returns => 0
